<!DOCTYPE html PUBLIC "-//W3C//DTD XHTML 1.1//EN" "https://www.w3.org/TR/xhtml11/DTD/xhtml11.dtd">
<html xmlns="https://www.w3.org/1999/xhtml">
<head>
<meta http-equiv="content-type" content="text/html; charset=UTF-8"/>
<title>TestNG Report</title>
<style type="text/css">table {margin-bottom:10px;border-collapse:collapse;empty-cells:show}th,td {border:1px solid #009;padding:.25em .5em}th {vertical-align:bottom}td {vertical-align:top}table a {font-weight:bold}.stripe td {background-color: #E6EBF9}.num {text-align:right}.passedodd td {background-color: #3F3}.passedeven td {background-color: #0A0}.skippedodd td {background-color: #DDD}.skippedeven td {background-color: #CCC}.failedodd td,.attn {background-color: #F33}.failedeven td,.stripe .attn {background-color: #D00}.stacktrace {white-space:pre;font-family:monospace}.totop {font-size:85%;text-align:center;border-bottom:2px solid #000}.invisible {display:none}</style>
</head>
<body>
<table>
<tr><th>Test</th><th># Passed</th><th># Skipped</th><th># Retried</th><th># Failed</th><th>Time (ms)</th><th>Included Groups</th><th>Excluded Groups</th></tr>
<tr><th colspan="8">Suite</th></tr>
<tr><td><a href="#t0">ChromeTest</a></td><td class="num">11</td><td class="num">0</td><td class="num attn">4</td><td class="num attn">2</td><td class="num">70,718</td><td></td><td></td></tr>
<tr class="stripe"><td><a href="#t1">EdgeTest</a></td><td class="num">11</td><td class="num">0</td><td class="num attn">4</td><td class="num attn">2</td><td class="num">92,551</td><td></td><td></td></tr>
<tr><th>Total</th><th class="num">22</th><th class="num">0</th><th class="num attn">8</th><th class="num attn">4</th><th class="num">163,269</th><th colspan="2"></th></tr>
</table>
<table id='summary'><thead><tr><th>Class</th><th>Method</th><th>Start</th><th>Time (ms)</th></tr></thead><tbody><tr><th colspan="4">Suite</th></tr></tbody><tbody id="t0"><tr><th colspan="4">ChromeTest &#8212; failed</th></tr><tr class="failedeven"><td rowspan="2">testScripts.LoginPageTest</td><td><a href="#m0">verifyValidCredentialsforLogin</a></td><td rowspan="2">1736393274791</td><td rowspan="2">663</td></tr><tr class="failedeven"><td><a href="#m1">verifyValidCredentialsforLogin</a></td></tr><tr><th colspan="4">ChromeTest &#8212; retried</th></tr><tr class="retriedeven"><td rowspan="4">testScripts.LoginPageTest</td><td><a href="#m2">verifyValidCredentialsforLogin</a></td><td rowspan="4">1736393258926</td><td rowspan="4">665</td></tr><tr class="retriedeven"><td><a href="#m3">verifyValidCredentialsforLogin</a></td></tr><tr class="retriedeven"><td><a href="#m4">verifyValidCredentialsforLogin</a></td></tr><tr class="retriedeven"><td><a href="#m5">verifyValidCredentialsforLogin</a></td></tr><tr><th colspan="4">ChromeTest &#8212; passed</th></tr><tr class="passedeven"><td rowspan="3">testScripts.AdminUsersPageTest</td><td><a href="#m6">verifyAddNewAdminUser</a></td><td rowspan="1">1736393208111</td><td rowspan="1">3717</td></tr><tr class="passedeven"><td><a href="#m7">verifyAdminUserSearch</a></td><td rowspan="1">1736393214357</td><td rowspan="1">2388</td></tr><tr class="passedeven"><td><a href="#m8">verifyToDeleteAdminUser</a></td><td rowspan="1">1736393219163</td><td rowspan="1">1805</td></tr><tr class="passedodd"><td rowspan="3">testScripts.CategoryTest</td><td><a href="#m9">verifyCategorySearch</a></td><td rowspan="1">1736393231185</td><td rowspan="1">2064</td></tr><tr class="passedodd"><td><a href="#m10">verifyCreateNewCategory</a></td><td rowspan="1">1736393223434</td><td rowspan="1">5226</td></tr><tr class="passedodd"><td><a href="#m11">verifyDeleteCategoryfromSearchResult</a></td><td rowspan="1">1736393235653</td><td rowspan="1">2371</td></tr><tr class="passedeven"><td rowspan="1">testScripts.HomePageTest</td><td><a href="#m12">verifyUserisAbleToLogout</a></td><td rowspan="1">1736393240403</td><td rowspan="1">1340</td></tr><tr class="passedodd"><td rowspan="3">testScripts.LoginPageTest</td><td><a href="#m13">verifyInvalidPasswordforLogin</a></td><td rowspan="1">1736393248895</td><td rowspan="1">914</td></tr><tr class="passedodd"><td><a href="#m14">verifyInvalidUserNameforLogin</a></td><td rowspan="1">1736393252262</td><td rowspan="1">935</td></tr><tr class="passedodd"><td><a href="#m15">verifyValidCredentialsforLogin</a></td><td rowspan="1">1736393255794</td><td rowspan="1">710</td></tr><tr class="passedeven"><td rowspan="1">testScripts.ManageNewsTest</td><td><a href="#m16">enterNewsInfo</a></td><td rowspan="1">1736393244164</td><td rowspan="1">2232</td></tr></tbody>
<tbody id="t1"><tr><th colspan="4">EdgeTest &#8212; failed</th></tr><tr class="failedeven"><td rowspan="2">testScripts.LoginPageTest</td><td><a href="#m17">verifyValidCredentialsforLogin</a></td><td rowspan="2">1736393366227</td><td rowspan="2">701</td></tr><tr class="failedeven"><td><a href="#m18">verifyValidCredentialsforLogin</a></td></tr><tr><th colspan="4">EdgeTest &#8212; retried</th></tr><tr class="retriedeven"><td rowspan="4">testScripts.LoginPageTest</td><td><a href="#m19">verifyValidCredentialsforLogin</a></td><td rowspan="4">1736393343153</td><td rowspan="4">953</td></tr><tr class="retriedeven"><td><a href="#m20">verifyValidCredentialsforLogin</a></td></tr><tr class="retriedeven"><td><a href="#m21">verifyValidCredentialsforLogin</a></td></tr><tr class="retriedeven"><td><a href="#m22">verifyValidCredentialsforLogin</a></td></tr><tr><th colspan="4">EdgeTest &#8212; passed</th></tr><tr class="passedeven"><td rowspan="3">testScripts.AdminUsersPageTest</td><td><a href="#m23">verifyAddNewAdminUser</a></td><td rowspan="1">1736393278275</td><td rowspan="1">2963</td></tr><tr class="passedeven"><td><a href="#m24">verifyAdminUserSearch</a></td><td rowspan="1">1736393284842</td><td rowspan="1">2340</td></tr><tr class="passedeven"><td><a href="#m25">verifyToDeleteAdminUser</a></td><td rowspan="1">1736393290902</td><td rowspan="1">1883</td></tr><tr class="passedodd"><td rowspan="3">testScripts.CategoryTest</td><td><a href="#m26">verifyCategorySearch</a></td><td rowspan="1">1736393305296</td><td rowspan="1">2000</td></tr><tr class="passedodd"><td><a href="#m27">verifyCreateNewCategory</a></td><td rowspan="1">1736393296605</td><td rowspan="1">5055</td></tr><tr class="passedodd"><td><a href="#m28">verifyDeleteCategoryfromSearchResult</a></td><td rowspan="1">1736393310978</td><td rowspan="1">2613</td></tr><tr class="passedeven"><td rowspan="1">testScripts.HomePageTest</td><td><a href="#m29">verifyUserisAbleToLogout</a></td><td rowspan="1">1736393317689</td><td rowspan="1">1315</td></tr><tr class="passedodd"><td rowspan="3">testScripts.LoginPageTest</td><td><a href="#m30">verifyInvalidPasswordforLogin</a></td><td rowspan="1">1736393328772</td><td rowspan="1">869</td></tr><tr class="passedodd"><td><a href="#m31">verifyInvalidUserNameforLogin</a></td><td rowspan="1">1736393333531</td><td rowspan="1">976</td></tr><tr class="passedodd"><td><a href="#m32">verifyValidCredentialsforLogin</a></td><td rowspan="1">1736393338303</td><td rowspan="1">906</td></tr><tr class="passedeven"><td rowspan="1">testScripts.ManageNewsTest</td><td><a href="#m33">enterNewsInfo</a></td><td rowspan="1">1736393322681</td><td rowspan="1">2356</td></tr></tbody>
</table>
<h2>ChromeTest</h2><h3 id="m0">testScripts.LoginPageTest#verifyValidCredentialsforLogin</h3><table class="result"><tr class="param"><th>Parameter #1</th><th>Parameter #2</th></tr><tr class="param stripe"><td>admin</td><td>Ob@#$</td></tr><tr><th colspan="2">Exception</th></tr><tr><td colspan="2"><div class="stacktrace">java.lang.AssertionError: Dashboard is not displayed expected [Dashboard | 7rmart supermarket] but found [Login | 7rmart supermarket]
	at testScripts.LoginPageTest.verifyValidCredentialsforLogin(LoginPageTest.java:35)
	at java.base/java.util.ArrayList.forEach(ArrayList.java:1597)
... Removed 30 stack frames</div></td></tr></table><p class="totop"><a href="#summary">back to summary</a></p>
<h3 id="m1">testScripts.LoginPageTest#verifyValidCredentialsforLogin</h3><table class="result"><tr class="param"><th>Parameter #1</th><th>Parameter #2</th></tr><tr class="param stripe"><td>@#$</td><td>admin</td></tr><tr><th colspan="2">Exception</th></tr><tr><td colspan="2"><div class="stacktrace">java.lang.AssertionError: Dashboard is not displayed expected [Dashboard | 7rmart supermarket] but found [Login | 7rmart supermarket]
	at testScripts.LoginPageTest.verifyValidCredentialsforLogin(LoginPageTest.java:35)
	at java.base/java.util.ArrayList.forEach(ArrayList.java:1597)
... Removed 30 stack frames</div></td></tr></table><p class="totop"><a href="#summary">back to summary</a></p>
<h3 id="m2">testScripts.LoginPageTest#verifyValidCredentialsforLogin</h3><table class="result"><tr class="param"><th>Parameter #1</th><th>Parameter #2</th></tr><tr class="param stripe"><td>@#$</td><td>admin</td></tr><tr><th colspan="2">Exception</th></tr><tr><td colspan="2"><div class="stacktrace">java.lang.AssertionError: Dashboard is not displayed expected [Dashboard | 7rmart supermarket] but found [Login | 7rmart supermarket]
	at testScripts.LoginPageTest.verifyValidCredentialsforLogin(LoginPageTest.java:35)
	at java.base/java.util.ArrayList.forEach(ArrayList.java:1597)
... Removed 30 stack frames</div></td></tr></table><p class="totop"><a href="#summary">back to summary</a></p>
<h3 id="m3">testScripts.LoginPageTest#verifyValidCredentialsforLogin</h3><table class="result"><tr class="param"><th>Parameter #1</th><th>Parameter #2</th></tr><tr class="param stripe"><td>@#$</td><td>admin</td></tr><tr><th colspan="2">Exception</th></tr><tr><td colspan="2"><div class="stacktrace">java.lang.AssertionError: Dashboard is not displayed expected [Dashboard | 7rmart supermarket] but found [Login | 7rmart supermarket]
	at testScripts.LoginPageTest.verifyValidCredentialsforLogin(LoginPageTest.java:35)
	at java.base/java.util.ArrayList.forEach(ArrayList.java:1597)
... Removed 30 stack frames</div></td></tr></table><p class="totop"><a href="#summary">back to summary</a></p>
<h3 id="m4">testScripts.LoginPageTest#verifyValidCredentialsforLogin</h3><table class="result"><tr class="param"><th>Parameter #1</th><th>Parameter #2</th></tr><tr class="param stripe"><td>admin</td><td>Ob@#$</td></tr><tr><th colspan="2">Exception</th></tr><tr><td colspan="2"><div class="stacktrace">java.lang.AssertionError: Dashboard is not displayed expected [Dashboard | 7rmart supermarket] but found [Login | 7rmart supermarket]
	at testScripts.LoginPageTest.verifyValidCredentialsforLogin(LoginPageTest.java:35)
	at java.base/java.util.ArrayList.forEach(ArrayList.java:1597)
... Removed 30 stack frames</div></td></tr></table><p class="totop"><a href="#summary">back to summary</a></p>
<h3 id="m5">testScripts.LoginPageTest#verifyValidCredentialsforLogin</h3><table class="result"><tr class="param"><th>Parameter #1</th><th>Parameter #2</th></tr><tr class="param stripe"><td>admin</td><td>Ob@#$</td></tr><tr><th colspan="2">Exception</th></tr><tr><td colspan="2"><div class="stacktrace">java.lang.AssertionError: Dashboard is not displayed expected [Dashboard | 7rmart supermarket] but found [Login | 7rmart supermarket]
	at testScripts.LoginPageTest.verifyValidCredentialsforLogin(LoginPageTest.java:35)
	at java.base/java.util.ArrayList.forEach(ArrayList.java:1597)
... Removed 30 stack frames</div></td></tr></table><p class="totop"><a href="#summary">back to summary</a></p>
<h3 id="m6">testScripts.AdminUsersPageTest#verifyAddNewAdminUser</h3><table class="result"><tr class="param"><th>Parameter #1</th><th>Parameter #2</th></tr><tr class="param stripe"><td>admin</td><td>admin</td></tr></table><p class="totop"><a href="#summary">back to summary</a></p>
<h3 id="m7">testScripts.AdminUsersPageTest#verifyAdminUserSearch</h3><table class="result"><tr class="param"><th>Parameter #1</th><th>Parameter #2</th></tr><tr class="param stripe"><td>admin</td><td>admin</td></tr></table><p class="totop"><a href="#summary">back to summary</a></p>
<h3 id="m8">testScripts.AdminUsersPageTest#verifyToDeleteAdminUser</h3><table class="result"><tr class="param"><th>Parameter #1</th><th>Parameter #2</th></tr><tr class="param stripe"><td>admin</td><td>admin</td></tr></table><p class="totop"><a href="#summary">back to summary</a></p>
<h3 id="m9">testScripts.CategoryTest#verifyCategorySearch</h3><table class="result"><tr class="param"><th>Parameter #1</th><th>Parameter #2</th></tr><tr class="param stripe"><td>admin</td><td>admin</td></tr></table><p class="totop"><a href="#summary">back to summary</a></p>
<h3 id="m10">testScripts.CategoryTest#verifyCreateNewCategory</h3><table class="result"><tr class="param"><th>Parameter #1</th><th>Parameter #2</th></tr><tr class="param stripe"><td>admin</td><td>admin</td></tr></table><p class="totop"><a href="#summary">back to summary</a></p>
<h3 id="m11">testScripts.CategoryTest#verifyDeleteCategoryfromSearchResult</h3><table class="result"><tr class="param"><th>Parameter #1</th><th>Parameter #2</th></tr><tr class="param stripe"><td>admin</td><td>admin</td></tr></table><p class="totop"><a href="#summary">back to summary</a></p>
<h3 id="m12">testScripts.HomePageTest#verifyUserisAbleToLogout</h3><table class="result"><tr class="param"><th>Parameter #1</th><th>Parameter #2</th></tr><tr class="param stripe"><td>admin</td><td>admin</td></tr></table><p class="totop"><a href="#summary">back to summary</a></p>
<h3 id="m13">testScripts.LoginPageTest#verifyInvalidPasswordforLogin</h3><table class="result"><tr><th class="invisible"/></tr></table><p class="totop"><a href="#summary">back to summary</a></p>
<h3 id="m14">testScripts.LoginPageTest#verifyInvalidUserNameforLogin</h3><table class="result"><tr><th class="invisible"/></tr></table><p class="totop"><a href="#summary">back to summary</a></p>
<h3 id="m15">testScripts.LoginPageTest#verifyValidCredentialsforLogin</h3><table class="result"><tr class="param"><th>Parameter #1</th><th>Parameter #2</th></tr><tr class="param stripe"><td>admin</td><td>admin</td></tr></table><p class="totop"><a href="#summary">back to summary</a></p>
<h3 id="m16">testScripts.ManageNewsTest#enterNewsInfo</h3><table class="result"><tr class="param"><th>Parameter #1</th><th>Parameter #2</th></tr><tr class="param stripe"><td>admin</td><td>admin</td></tr></table><p class="totop"><a href="#summary">back to summary</a></p>
<h2>EdgeTest</h2><h3 id="m17">testScripts.LoginPageTest#verifyValidCredentialsforLogin</h3><table class="result"><tr class="param"><th>Parameter #1</th><th>Parameter #2</th></tr><tr class="param stripe"><td>admin</td><td>Ob@#$</td></tr><tr><th colspan="2">Exception</th></tr><tr><td colspan="2"><div class="stacktrace">java.lang.AssertionError: Dashboard is not displayed expected [Dashboard | 7rmart supermarket] but found [Login | 7rmart supermarket]
	at testScripts.LoginPageTest.verifyValidCredentialsforLogin(LoginPageTest.java:35)
	at java.base/java.util.ArrayList.forEach(ArrayList.java:1597)
... Removed 30 stack frames</div></td></tr></table><p class="totop"><a href="#summary">back to summary</a></p>
<h3 id="m18">testScripts.LoginPageTest#verifyValidCredentialsforLogin</h3><table class="result"><tr class="param"><th>Parameter #1</th><th>Parameter #2</th></tr><tr class="param stripe"><td>@#$</td><td>admin</td></tr><tr><th colspan="2">Exception</th></tr><tr><td colspan="2"><div class="stacktrace">java.lang.AssertionError: Dashboard is not displayed expected [Dashboard | 7rmart supermarket] but found [Login | 7rmart supermarket]
	at testScripts.LoginPageTest.verifyValidCredentialsforLogin(LoginPageTest.java:35)
	at java.base/java.util.ArrayList.forEach(ArrayList.java:1597)
... Removed 30 stack frames</div></td></tr></table><p class="totop"><a href="#summary">back to summary</a></p>
<h3 id="m19">testScripts.LoginPageTest#verifyValidCredentialsforLogin</h3><table class="result"><tr class="param"><th>Parameter #1</th><th>Parameter #2</th></tr><tr class="param stripe"><td>@#$</td><td>admin</td></tr><tr><th colspan="2">Exception</th></tr><tr><td colspan="2"><div class="stacktrace">java.lang.AssertionError: Dashboard is not displayed expected [Dashboard | 7rmart supermarket] but found [Login | 7rmart supermarket]
	at testScripts.LoginPageTest.verifyValidCredentialsforLogin(LoginPageTest.java:35)
	at java.base/java.util.ArrayList.forEach(ArrayList.java:1597)
... Removed 30 stack frames</div></td></tr></table><p class="totop"><a href="#summary">back to summary</a></p>
<h3 id="m20">testScripts.LoginPageTest#verifyValidCredentialsforLogin</h3><table class="result"><tr class="param"><th>Parameter #1</th><th>Parameter #2</th></tr><tr class="param stripe"><td>admin</td><td>Ob@#$</td></tr><tr><th colspan="2">Exception</th></tr><tr><td colspan="2"><div class="stacktrace">java.lang.AssertionError: Dashboard is not displayed expected [Dashboard | 7rmart supermarket] but found [Login | 7rmart supermarket]
	at testScripts.LoginPageTest.verifyValidCredentialsforLogin(LoginPageTest.java:35)
	at java.base/java.util.ArrayList.forEach(ArrayList.java:1597)
... Removed 30 stack frames</div></td></tr></table><p class="totop"><a href="#summary">back to summary</a></p>
<h3 id="m21">testScripts.LoginPageTest#verifyValidCredentialsforLogin</h3><table class="result"><tr class="param"><th>Parameter #1</th><th>Parameter #2</th></tr><tr class="param stripe"><td>admin</td><td>Ob@#$</td></tr><tr><th colspan="2">Exception</th></tr><tr><td colspan="2"><div class="stacktrace">java.lang.AssertionError: Dashboard is not displayed expected [Dashboard | 7rmart supermarket] but found [Login | 7rmart supermarket]
	at testScripts.LoginPageTest.verifyValidCredentialsforLogin(LoginPageTest.java:35)
	at java.base/java.util.ArrayList.forEach(ArrayList.java:1597)
... Removed 30 stack frames</div></td></tr></table><p class="totop"><a href="#summary">back to summary</a></p>
<h3 id="m22">testScripts.LoginPageTest#verifyValidCredentialsforLogin</h3><table class="result"><tr class="param"><th>Parameter #1</th><th>Parameter #2</th></tr><tr class="param stripe"><td>@#$</td><td>admin</td></tr><tr><th colspan="2">Exception</th></tr><tr><td colspan="2"><div class="stacktrace">java.lang.AssertionError: Dashboard is not displayed expected [Dashboard | 7rmart supermarket] but found [Login | 7rmart supermarket]
	at testScripts.LoginPageTest.verifyValidCredentialsforLogin(LoginPageTest.java:35)
	at java.base/java.util.ArrayList.forEach(ArrayList.java:1597)
... Removed 30 stack frames</div></td></tr></table><p class="totop"><a href="#summary">back to summary</a></p>
<h3 id="m23">testScripts.AdminUsersPageTest#verifyAddNewAdminUser</h3><table class="result"><tr class="param"><th>Parameter #1</th><th>Parameter #2</th></tr><tr class="param stripe"><td>admin</td><td>admin</td></tr></table><p class="totop"><a href="#summary">back to summary</a></p>
<h3 id="m24">testScripts.AdminUsersPageTest#verifyAdminUserSearch</h3><table class="result"><tr class="param"><th>Parameter #1</th><th>Parameter #2</th></tr><tr class="param stripe"><td>admin</td><td>admin</td></tr></table><p class="totop"><a href="#summary">back to summary</a></p>
<h3 id="m25">testScripts.AdminUsersPageTest#verifyToDeleteAdminUser</h3><table class="result"><tr class="param"><th>Parameter #1</th><th>Parameter #2</th></tr><tr class="param stripe"><td>admin</td><td>admin</td></tr></table><p class="totop"><a href="#summary">back to summary</a></p>
<h3 id="m26">testScripts.CategoryTest#verifyCategorySearch</h3><table class="result"><tr class="param"><th>Parameter #1</th><th>Parameter #2</th></tr><tr class="param stripe"><td>admin</td><td>admin</td></tr></table><p class="totop"><a href="#summary">back to summary</a></p>
<h3 id="m27">testScripts.CategoryTest#verifyCreateNewCategory</h3><table class="result"><tr class="param"><th>Parameter #1</th><th>Parameter #2</th></tr><tr class="param stripe"><td>admin</td><td>admin</td></tr></table><p class="totop"><a href="#summary">back to summary</a></p>
<h3 id="m28">testScripts.CategoryTest#verifyDeleteCategoryfromSearchResult</h3><table class="result"><tr class="param"><th>Parameter #1</th><th>Parameter #2</th></tr><tr class="param stripe"><td>admin</td><td>admin</td></tr></table><p class="totop"><a href="#summary">back to summary</a></p>
<h3 id="m29">testScripts.HomePageTest#verifyUserisAbleToLogout</h3><table class="result"><tr class="param"><th>Parameter #1</th><th>Parameter #2</th></tr><tr class="param stripe"><td>admin</td><td>admin</td></tr></table><p class="totop"><a href="#summary">back to summary</a></p>
<h3 id="m30">testScripts.LoginPageTest#verifyInvalidPasswordforLogin</h3><table class="result"><tr><th class="invisible"/></tr></table><p class="totop"><a href="#summary">back to summary</a></p>
<h3 id="m31">testScripts.LoginPageTest#verifyInvalidUserNameforLogin</h3><table class="result"><tr><th class="invisible"/></tr></table><p class="totop"><a href="#summary">back to summary</a></p>
<h3 id="m32">testScripts.LoginPageTest#verifyValidCredentialsforLogin</h3><table class="result"><tr class="param"><th>Parameter #1</th><th>Parameter #2</th></tr><tr class="param stripe"><td>admin</td><td>admin</td></tr></table><p class="totop"><a href="#summary">back to summary</a></p>
<h3 id="m33">testScripts.ManageNewsTest#enterNewsInfo</h3><table class="result"><tr class="param"><th>Parameter #1</th><th>Parameter #2</th></tr><tr class="param stripe"><td>admin</td><td>admin</td></tr></table><p class="totop"><a href="#summary">back to summary</a></p>
</body>
</html>
