<?xml version="1.0" encoding="UTF-8"?>
<testng-results retried="8" ignored="0" total="34" passed="22" failed="4" skipped="0">
  <reporter-output>
  </reporter-output>
  <suite started-at="2025-01-09T08:56:45 IST" name="Suite" finished-at="2025-01-09T08:59:28 IST" duration-ms="163316">
    <groups>
    </groups>
    <test started-at="2025-01-09T08:56:45 IST" name="ChromeTest" finished-at="2025-01-09T08:57:55 IST" duration-ms="70718">
      <class name="testScripts.HomePageTest">
        <test-method is-config="true" signature="beforeMethod(java.lang.String)[pri:0, instance:testScripts.HomePageTest@3c46e67a]" started-at="2025-01-09T08:57:18 IST" name="beforeMethod" finished-at="2025-01-09T08:57:20 IST" duration-ms="2158" status="PASS">
          <params>
            <param index="0">
              <value>
                <![CDATA[Chrome]]>
              </value>
            </param>
          </params>
          <reporter-output>
          </reporter-output>
        </test-method> <!-- beforeMethod -->
        <test-method signature="verifyUserisAbleToLogout(java.lang.String,java.lang.String)[pri:0, instance:testScripts.HomePageTest@3c46e67a]" started-at="2025-01-09T08:57:20 IST" name="verifyUserisAbleToLogout" finished-at="2025-01-09T08:57:21 IST" duration-ms="1340" status="PASS">
          <params>
            <param index="0">
              <value>
                <![CDATA[admin]]>
              </value>
            </param>
            <param index="1">
              <value>
                <![CDATA[admin]]>
              </value>
            </param>
          </params>
          <reporter-output>
          </reporter-output>
        </test-method> <!-- verifyUserisAbleToLogout -->
        <test-method is-config="true" signature="afterMethod(org.testng.ITestResult)[pri:0, instance:testScripts.HomePageTest@3c46e67a]" started-at="2025-01-09T08:57:21 IST" name="afterMethod" finished-at="2025-01-09T08:57:22 IST" duration-ms="262" status="PASS">
          <params>
            <param index="0">
              <value>
                <![CDATA[[TestResult name=verifyUserisAbleToLogout status=SUCCESS method=HomePageTest.verifyUserisAbleToLogout(java.lang.String,java.lang.String)[pri:0, instance:testScripts.HomePageTest@3c46e67a] output={null}]]]>
              </value>
            </param>
          </params>
          <reporter-output>
          </reporter-output>
        </test-method> <!-- afterMethod -->
      </class> <!-- testScripts.HomePageTest -->
      <class name="testScripts.LoginPageTest">
        <test-method is-config="true" signature="beforeMethod(java.lang.String)[pri:0, instance:testScripts.LoginPageTest@206a70ef]" started-at="2025-01-09T08:57:26 IST" name="beforeMethod" finished-at="2025-01-09T08:57:28 IST" duration-ms="2255" status="PASS">
          <params>
            <param index="0">
              <value>
                <![CDATA[Chrome]]>
              </value>
            </param>
          </params>
          <reporter-output>
          </reporter-output>
        </test-method> <!-- beforeMethod -->
        <test-method signature="verifyInvalidPasswordforLogin()[pri:0, instance:testScripts.LoginPageTest@206a70ef]" started-at="2025-01-09T08:57:28 IST" name="verifyInvalidPasswordforLogin" finished-at="2025-01-09T08:57:29 IST" duration-ms="914" status="PASS">
          <reporter-output>
          </reporter-output>
        </test-method> <!-- verifyInvalidPasswordforLogin -->
        <test-method is-config="true" signature="afterMethod(org.testng.ITestResult)[pri:0, instance:testScripts.LoginPageTest@206a70ef]" started-at="2025-01-09T08:57:29 IST" name="afterMethod" finished-at="2025-01-09T08:57:30 IST" duration-ms="250" status="PASS">
          <params>
            <param index="0">
              <value>
                <![CDATA[[TestResult name=verifyInvalidPasswordforLogin status=SUCCESS method=LoginPageTest.verifyInvalidPasswordforLogin()[pri:0, instance:testScripts.LoginPageTest@206a70ef] output={null}]]]>
              </value>
            </param>
          </params>
          <reporter-output>
          </reporter-output>
        </test-method> <!-- afterMethod -->
        <test-method is-config="true" signature="beforeMethod(java.lang.String)[pri:0, instance:testScripts.LoginPageTest@206a70ef]" started-at="2025-01-09T08:57:30 IST" name="beforeMethod" finished-at="2025-01-09T08:57:32 IST" duration-ms="2199" status="PASS">
          <params>
            <param index="0">
              <value>
                <![CDATA[Chrome]]>
              </value>
            </param>
          </params>
          <reporter-output>
          </reporter-output>
        </test-method> <!-- beforeMethod -->
        <test-method signature="verifyInvalidUserNameforLogin()[pri:0, instance:testScripts.LoginPageTest@206a70ef]" started-at="2025-01-09T08:57:32 IST" name="verifyInvalidUserNameforLogin" finished-at="2025-01-09T08:57:33 IST" duration-ms="935" status="PASS">
          <reporter-output>
          </reporter-output>
        </test-method> <!-- verifyInvalidUserNameforLogin -->
        <test-method is-config="true" signature="afterMethod(org.testng.ITestResult)[pri:0, instance:testScripts.LoginPageTest@206a70ef]" started-at="2025-01-09T08:57:33 IST" name="afterMethod" finished-at="2025-01-09T08:57:33 IST" duration-ms="247" status="PASS">
          <params>
            <param index="0">
              <value>
                <![CDATA[[TestResult name=verifyInvalidUserNameforLogin status=SUCCESS method=LoginPageTest.verifyInvalidUserNameforLogin()[pri:0, instance:testScripts.LoginPageTest@206a70ef] output={null}]]]>
              </value>
            </param>
          </params>
          <reporter-output>
          </reporter-output>
        </test-method> <!-- afterMethod -->
        <test-method is-config="true" signature="beforeMethod(java.lang.String)[pri:0, instance:testScripts.LoginPageTest@206a70ef]" started-at="2025-01-09T08:57:33 IST" name="beforeMethod" finished-at="2025-01-09T08:57:35 IST" duration-ms="2344" status="PASS">
          <params>
            <param index="0">
              <value>
                <![CDATA[Chrome]]>
              </value>
            </param>
          </params>
          <reporter-output>
          </reporter-output>
        </test-method> <!-- beforeMethod -->
        <test-method signature="verifyValidCredentialsforLogin(java.lang.String,java.lang.String)[pri:0, instance:testScripts.LoginPageTest@206a70ef]" started-at="2025-01-09T08:57:35 IST" name="verifyValidCredentialsforLogin" data-provider="Credentials" finished-at="2025-01-09T08:57:36 IST" duration-ms="710" status="PASS">
          <params>
            <param index="0">
              <value>
                <![CDATA[admin]]>
              </value>
            </param>
            <param index="1">
              <value>
                <![CDATA[admin]]>
              </value>
            </param>
          </params>
          <reporter-output>
          </reporter-output>
        </test-method> <!-- verifyValidCredentialsforLogin -->
        <test-method is-config="true" signature="afterMethod(org.testng.ITestResult)[pri:0, instance:testScripts.LoginPageTest@206a70ef]" started-at="2025-01-09T08:57:36 IST" name="afterMethod" finished-at="2025-01-09T08:57:36 IST" duration-ms="243" status="PASS">
          <params>
            <param index="0">
              <value>
                <![CDATA[[TestResult name=verifyValidCredentialsforLogin status=SUCCESS method=LoginPageTest.verifyValidCredentialsforLogin(java.lang.String,java.lang.String)[pri:0, instance:testScripts.LoginPageTest@206a70ef] output={null}]]]>
              </value>
            </param>
          </params>
          <reporter-output>
          </reporter-output>
        </test-method> <!-- afterMethod -->
        <test-method is-config="true" signature="beforeMethod(java.lang.String)[pri:0, instance:testScripts.LoginPageTest@206a70ef]" started-at="2025-01-09T08:57:36 IST" name="beforeMethod" finished-at="2025-01-09T08:57:38 IST" duration-ms="2178" status="PASS">
          <params>
            <param index="0">
              <value>
                <![CDATA[Chrome]]>
              </value>
            </param>
          </params>
          <reporter-output>
          </reporter-output>
        </test-method> <!-- beforeMethod -->
        <test-method retried="true" signature="verifyValidCredentialsforLogin(java.lang.String,java.lang.String)[pri:0, instance:testScripts.LoginPageTest@206a70ef]" started-at="2025-01-09T08:57:38 IST" name="verifyValidCredentialsforLogin" data-provider="Credentials" finished-at="2025-01-09T08:57:39 IST" duration-ms="665" status="SKIP">
          <params>
            <param index="0">
              <value>
                <![CDATA[@#$]]>
              </value>
            </param>
            <param index="1">
              <value>
                <![CDATA[admin]]>
              </value>
            </param>
          </params>
          <exception class="java.lang.AssertionError">
            <message>
              <![CDATA[Dashboard is not displayed expected [Dashboard | 7rmart supermarket] but found [Login | 7rmart supermarket]]]>
            </message>
            <full-stacktrace>
              <![CDATA[java.lang.AssertionError: Dashboard is not displayed expected [Dashboard | 7rmart supermarket] but found [Login | 7rmart supermarket]
at org.testng.Assert.fail(Assert.java:99)
at org.testng.Assert.failNotEquals(Assert.java:1037)
at org.testng.Assert.assertEqualsImpl(Assert.java:140)
at org.testng.Assert.assertEquals(Assert.java:122)
at org.testng.Assert.assertEquals(Assert.java:629)
at testScripts.LoginPageTest.verifyValidCredentialsforLogin(LoginPageTest.java:35)
at java.base/jdk.internal.reflect.DirectMethodHandleAccessor.invoke(DirectMethodHandleAccessor.java:103)
at java.base/java.lang.reflect.Method.invoke(Method.java:580)
at org.testng.internal.MethodInvocationHelper.invokeMethod(MethodInvocationHelper.java:133)
at org.testng.internal.TestInvoker.invokeMethod(TestInvoker.java:598)
at org.testng.internal.TestInvoker.invokeTestMethod(TestInvoker.java:173)
at org.testng.internal.MethodRunner.runInSequence(MethodRunner.java:46)
at org.testng.internal.TestInvoker$MethodInvocationAgent.invoke(TestInvoker.java:824)
at org.testng.internal.TestInvoker.invokeTestMethods(TestInvoker.java:146)
at org.testng.internal.TestMethodWorker.invokeTestMethods(TestMethodWorker.java:146)
at org.testng.internal.TestMethodWorker.run(TestMethodWorker.java:128)
at java.base/java.util.ArrayList.forEach(ArrayList.java:1597)
at org.testng.TestRunner.privateRun(TestRunner.java:794)
at org.testng.TestRunner.run(TestRunner.java:596)
at org.testng.SuiteRunner.runTest(SuiteRunner.java:377)
at org.testng.SuiteRunner.runSequentially(SuiteRunner.java:371)
at org.testng.SuiteRunner.privateRun(SuiteRunner.java:332)
at org.testng.SuiteRunner.run(SuiteRunner.java:276)
at org.testng.SuiteRunnerWorker.runSuite(SuiteRunnerWorker.java:53)
at org.testng.SuiteRunnerWorker.run(SuiteRunnerWorker.java:96)
at org.testng.TestNG.runSuitesSequentially(TestNG.java:1212)
at org.testng.TestNG.runSuitesLocally(TestNG.java:1134)
at org.testng.TestNG.runSuites(TestNG.java:1063)
at org.testng.TestNG.run(TestNG.java:1031)
at org.testng.remote.AbstractRemoteTestNG.run(AbstractRemoteTestNG.java:115)
at org.testng.remote.RemoteTestNG.initAndRun(RemoteTestNG.java:293)
at org.testng.remote.RemoteTestNG.main(RemoteTestNG.java:91)
]]>
            </full-stacktrace>
          </exception> <!-- java.lang.AssertionError -->
          <reporter-output>
          </reporter-output>
        </test-method> <!-- verifyValidCredentialsforLogin -->
        <test-method is-config="true" signature="afterMethod(org.testng.ITestResult)[pri:0, instance:testScripts.LoginPageTest@206a70ef]" started-at="2025-01-09T08:57:39 IST" name="afterMethod" finished-at="2025-01-09T08:57:39 IST" duration-ms="265" status="PASS">
          <params>
            <param index="0">
              <value>
                <![CDATA[[TestResult name=verifyValidCredentialsforLogin status=SKIP method=LoginPageTest.verifyValidCredentialsforLogin(java.lang.String,java.lang.String)[pri:0, instance:testScripts.LoginPageTest@206a70ef] output={null}]]]>
              </value>
            </param>
          </params>
          <reporter-output>
          </reporter-output>
        </test-method> <!-- afterMethod -->
        <test-method is-config="true" signature="beforeMethod(java.lang.String)[pri:0, instance:testScripts.LoginPageTest@206a70ef]" started-at="2025-01-09T08:57:39 IST" name="beforeMethod" finished-at="2025-01-09T08:57:42 IST" duration-ms="2187" status="PASS">
          <params>
            <param index="0">
              <value>
                <![CDATA[Chrome]]>
              </value>
            </param>
          </params>
          <reporter-output>
          </reporter-output>
        </test-method> <!-- beforeMethod -->
        <test-method retried="true" signature="verifyValidCredentialsforLogin(java.lang.String,java.lang.String)[pri:0, instance:testScripts.LoginPageTest@206a70ef]" started-at="2025-01-09T08:57:42 IST" name="verifyValidCredentialsforLogin" data-provider="Credentials" finished-at="2025-01-09T08:57:42 IST" duration-ms="701" status="SKIP">
          <params>
            <param index="0">
              <value>
                <![CDATA[@#$]]>
              </value>
            </param>
            <param index="1">
              <value>
                <![CDATA[admin]]>
              </value>
            </param>
          </params>
          <exception class="java.lang.AssertionError">
            <message>
              <![CDATA[Dashboard is not displayed expected [Dashboard | 7rmart supermarket] but found [Login | 7rmart supermarket]]]>
            </message>
            <full-stacktrace>
              <![CDATA[java.lang.AssertionError: Dashboard is not displayed expected [Dashboard | 7rmart supermarket] but found [Login | 7rmart supermarket]
at org.testng.Assert.fail(Assert.java:99)
at org.testng.Assert.failNotEquals(Assert.java:1037)
at org.testng.Assert.assertEqualsImpl(Assert.java:140)
at org.testng.Assert.assertEquals(Assert.java:122)
at org.testng.Assert.assertEquals(Assert.java:629)
at testScripts.LoginPageTest.verifyValidCredentialsforLogin(LoginPageTest.java:35)
at java.base/jdk.internal.reflect.DirectMethodHandleAccessor.invoke(DirectMethodHandleAccessor.java:103)
at java.base/java.lang.reflect.Method.invoke(Method.java:580)
at org.testng.internal.MethodInvocationHelper.invokeMethod(MethodInvocationHelper.java:133)
at org.testng.internal.TestInvoker.invokeMethod(TestInvoker.java:598)
at org.testng.internal.TestInvoker.retryFailed(TestInvoker.java:213)
at org.testng.internal.MethodRunner.runInSequence(MethodRunner.java:58)
at org.testng.internal.TestInvoker$MethodInvocationAgent.invoke(TestInvoker.java:824)
at org.testng.internal.TestInvoker.invokeTestMethods(TestInvoker.java:146)
at org.testng.internal.TestMethodWorker.invokeTestMethods(TestMethodWorker.java:146)
at org.testng.internal.TestMethodWorker.run(TestMethodWorker.java:128)
at java.base/java.util.ArrayList.forEach(ArrayList.java:1597)
at org.testng.TestRunner.privateRun(TestRunner.java:794)
at org.testng.TestRunner.run(TestRunner.java:596)
at org.testng.SuiteRunner.runTest(SuiteRunner.java:377)
at org.testng.SuiteRunner.runSequentially(SuiteRunner.java:371)
at org.testng.SuiteRunner.privateRun(SuiteRunner.java:332)
at org.testng.SuiteRunner.run(SuiteRunner.java:276)
at org.testng.SuiteRunnerWorker.runSuite(SuiteRunnerWorker.java:53)
at org.testng.SuiteRunnerWorker.run(SuiteRunnerWorker.java:96)
at org.testng.TestNG.runSuitesSequentially(TestNG.java:1212)
at org.testng.TestNG.runSuitesLocally(TestNG.java:1134)
at org.testng.TestNG.runSuites(TestNG.java:1063)
at org.testng.TestNG.run(TestNG.java:1031)
at org.testng.remote.AbstractRemoteTestNG.run(AbstractRemoteTestNG.java:115)
at org.testng.remote.RemoteTestNG.initAndRun(RemoteTestNG.java:293)
at org.testng.remote.RemoteTestNG.main(RemoteTestNG.java:91)
]]>
            </full-stacktrace>
          </exception> <!-- java.lang.AssertionError -->
          <reporter-output>
          </reporter-output>
        </test-method> <!-- verifyValidCredentialsforLogin -->
        <test-method is-config="true" signature="afterMethod(org.testng.ITestResult)[pri:0, instance:testScripts.LoginPageTest@206a70ef]" started-at="2025-01-09T08:57:42 IST" name="afterMethod" finished-at="2025-01-09T08:57:43 IST" duration-ms="291" status="PASS">
          <params>
            <param index="0">
              <value>
                <![CDATA[[TestResult name=verifyValidCredentialsforLogin status=SKIP method=LoginPageTest.verifyValidCredentialsforLogin(java.lang.String,java.lang.String)[pri:0, instance:testScripts.LoginPageTest@206a70ef] output={null}]]]>
              </value>
            </param>
          </params>
          <reporter-output>
          </reporter-output>
        </test-method> <!-- afterMethod -->
        <test-method is-config="true" signature="beforeMethod(java.lang.String)[pri:0, instance:testScripts.LoginPageTest@206a70ef]" started-at="2025-01-09T08:57:43 IST" name="beforeMethod" finished-at="2025-01-09T08:57:45 IST" duration-ms="2278" status="PASS">
          <params>
            <param index="0">
              <value>
                <![CDATA[Chrome]]>
              </value>
            </param>
          </params>
          <reporter-output>
          </reporter-output>
        </test-method> <!-- beforeMethod -->
        <test-method signature="verifyValidCredentialsforLogin(java.lang.String,java.lang.String)[pri:0, instance:testScripts.LoginPageTest@206a70ef]" started-at="2025-01-09T08:57:45 IST" name="verifyValidCredentialsforLogin" data-provider="Credentials" finished-at="2025-01-09T08:57:46 IST" duration-ms="737" status="FAIL">
          <params>
            <param index="0">
              <value>
                <![CDATA[@#$]]>
              </value>
            </param>
            <param index="1">
              <value>
                <![CDATA[admin]]>
              </value>
            </param>
          </params>
          <exception class="java.lang.AssertionError">
            <message>
              <![CDATA[Dashboard is not displayed expected [Dashboard | 7rmart supermarket] but found [Login | 7rmart supermarket]]]>
            </message>
            <full-stacktrace>
              <![CDATA[java.lang.AssertionError: Dashboard is not displayed expected [Dashboard | 7rmart supermarket] but found [Login | 7rmart supermarket]
at org.testng.Assert.fail(Assert.java:99)
at org.testng.Assert.failNotEquals(Assert.java:1037)
at org.testng.Assert.assertEqualsImpl(Assert.java:140)
at org.testng.Assert.assertEquals(Assert.java:122)
at org.testng.Assert.assertEquals(Assert.java:629)
at testScripts.LoginPageTest.verifyValidCredentialsforLogin(LoginPageTest.java:35)
at java.base/jdk.internal.reflect.DirectMethodHandleAccessor.invoke(DirectMethodHandleAccessor.java:103)
at java.base/java.lang.reflect.Method.invoke(Method.java:580)
at org.testng.internal.MethodInvocationHelper.invokeMethod(MethodInvocationHelper.java:133)
at org.testng.internal.TestInvoker.invokeMethod(TestInvoker.java:598)
at org.testng.internal.TestInvoker.retryFailed(TestInvoker.java:213)
at org.testng.internal.MethodRunner.runInSequence(MethodRunner.java:58)
at org.testng.internal.TestInvoker$MethodInvocationAgent.invoke(TestInvoker.java:824)
at org.testng.internal.TestInvoker.invokeTestMethods(TestInvoker.java:146)
at org.testng.internal.TestMethodWorker.invokeTestMethods(TestMethodWorker.java:146)
at org.testng.internal.TestMethodWorker.run(TestMethodWorker.java:128)
at java.base/java.util.ArrayList.forEach(ArrayList.java:1597)
at org.testng.TestRunner.privateRun(TestRunner.java:794)
at org.testng.TestRunner.run(TestRunner.java:596)
at org.testng.SuiteRunner.runTest(SuiteRunner.java:377)
at org.testng.SuiteRunner.runSequentially(SuiteRunner.java:371)
at org.testng.SuiteRunner.privateRun(SuiteRunner.java:332)
at org.testng.SuiteRunner.run(SuiteRunner.java:276)
at org.testng.SuiteRunnerWorker.runSuite(SuiteRunnerWorker.java:53)
at org.testng.SuiteRunnerWorker.run(SuiteRunnerWorker.java:96)
at org.testng.TestNG.runSuitesSequentially(TestNG.java:1212)
at org.testng.TestNG.runSuitesLocally(TestNG.java:1134)
at org.testng.TestNG.runSuites(TestNG.java:1063)
at org.testng.TestNG.run(TestNG.java:1031)
at org.testng.remote.AbstractRemoteTestNG.run(AbstractRemoteTestNG.java:115)
at org.testng.remote.RemoteTestNG.initAndRun(RemoteTestNG.java:293)
at org.testng.remote.RemoteTestNG.main(RemoteTestNG.java:91)
]]>
            </full-stacktrace>
          </exception> <!-- java.lang.AssertionError -->
          <reporter-output>
          </reporter-output>
        </test-method> <!-- verifyValidCredentialsforLogin -->
        <test-method is-config="true" signature="afterMethod(org.testng.ITestResult)[pri:0, instance:testScripts.LoginPageTest@206a70ef]" started-at="2025-01-09T08:57:46 IST" name="afterMethod" finished-at="2025-01-09T08:57:46 IST" duration-ms="431" status="PASS">
          <params>
            <param index="0">
              <value>
                <![CDATA[[TestResult name=verifyValidCredentialsforLogin status=FAILURE method=LoginPageTest.verifyValidCredentialsforLogin(java.lang.String,java.lang.String)[pri:0, instance:testScripts.LoginPageTest@206a70ef] output={null}]]]>
              </value>
            </param>
          </params>
          <reporter-output>
          </reporter-output>
        </test-method> <!-- afterMethod -->
        <test-method is-config="true" signature="beforeMethod(java.lang.String)[pri:0, instance:testScripts.LoginPageTest@206a70ef]" started-at="2025-01-09T08:57:46 IST" name="beforeMethod" finished-at="2025-01-09T08:57:48 IST" duration-ms="2024" status="PASS">
          <params>
            <param index="0">
              <value>
                <![CDATA[Chrome]]>
              </value>
            </param>
          </params>
          <reporter-output>
          </reporter-output>
        </test-method> <!-- beforeMethod -->
        <test-method retried="true" signature="verifyValidCredentialsforLogin(java.lang.String,java.lang.String)[pri:0, instance:testScripts.LoginPageTest@206a70ef]" started-at="2025-01-09T08:57:48 IST" name="verifyValidCredentialsforLogin" data-provider="Credentials" finished-at="2025-01-09T08:57:49 IST" duration-ms="613" status="SKIP">
          <params>
            <param index="0">
              <value>
                <![CDATA[admin]]>
              </value>
            </param>
            <param index="1">
              <value>
                <![CDATA[Ob@#$]]>
              </value>
            </param>
          </params>
          <exception class="java.lang.AssertionError">
            <message>
              <![CDATA[Dashboard is not displayed expected [Dashboard | 7rmart supermarket] but found [Login | 7rmart supermarket]]]>
            </message>
            <full-stacktrace>
              <![CDATA[java.lang.AssertionError: Dashboard is not displayed expected [Dashboard | 7rmart supermarket] but found [Login | 7rmart supermarket]
at org.testng.Assert.fail(Assert.java:99)
at org.testng.Assert.failNotEquals(Assert.java:1037)
at org.testng.Assert.assertEqualsImpl(Assert.java:140)
at org.testng.Assert.assertEquals(Assert.java:122)
at org.testng.Assert.assertEquals(Assert.java:629)
at testScripts.LoginPageTest.verifyValidCredentialsforLogin(LoginPageTest.java:35)
at java.base/jdk.internal.reflect.DirectMethodHandleAccessor.invoke(DirectMethodHandleAccessor.java:103)
at java.base/java.lang.reflect.Method.invoke(Method.java:580)
at org.testng.internal.MethodInvocationHelper.invokeMethod(MethodInvocationHelper.java:133)
at org.testng.internal.TestInvoker.invokeMethod(TestInvoker.java:598)
at org.testng.internal.TestInvoker.invokeTestMethod(TestInvoker.java:173)
at org.testng.internal.MethodRunner.runInSequence(MethodRunner.java:46)
at org.testng.internal.TestInvoker$MethodInvocationAgent.invoke(TestInvoker.java:824)
at org.testng.internal.TestInvoker.invokeTestMethods(TestInvoker.java:146)
at org.testng.internal.TestMethodWorker.invokeTestMethods(TestMethodWorker.java:146)
at org.testng.internal.TestMethodWorker.run(TestMethodWorker.java:128)
at java.base/java.util.ArrayList.forEach(ArrayList.java:1597)
at org.testng.TestRunner.privateRun(TestRunner.java:794)
at org.testng.TestRunner.run(TestRunner.java:596)
at org.testng.SuiteRunner.runTest(SuiteRunner.java:377)
at org.testng.SuiteRunner.runSequentially(SuiteRunner.java:371)
at org.testng.SuiteRunner.privateRun(SuiteRunner.java:332)
at org.testng.SuiteRunner.run(SuiteRunner.java:276)
at org.testng.SuiteRunnerWorker.runSuite(SuiteRunnerWorker.java:53)
at org.testng.SuiteRunnerWorker.run(SuiteRunnerWorker.java:96)
at org.testng.TestNG.runSuitesSequentially(TestNG.java:1212)
at org.testng.TestNG.runSuitesLocally(TestNG.java:1134)
at org.testng.TestNG.runSuites(TestNG.java:1063)
at org.testng.TestNG.run(TestNG.java:1031)
at org.testng.remote.AbstractRemoteTestNG.run(AbstractRemoteTestNG.java:115)
at org.testng.remote.RemoteTestNG.initAndRun(RemoteTestNG.java:293)
at org.testng.remote.RemoteTestNG.main(RemoteTestNG.java:91)
]]>
            </full-stacktrace>
          </exception> <!-- java.lang.AssertionError -->
          <reporter-output>
          </reporter-output>
        </test-method> <!-- verifyValidCredentialsforLogin -->
        <test-method is-config="true" signature="afterMethod(org.testng.ITestResult)[pri:0, instance:testScripts.LoginPageTest@206a70ef]" started-at="2025-01-09T08:57:49 IST" name="afterMethod" finished-at="2025-01-09T08:57:49 IST" duration-ms="277" status="PASS">
          <params>
            <param index="0">
              <value>
                <![CDATA[[TestResult name=verifyValidCredentialsforLogin status=SKIP method=LoginPageTest.verifyValidCredentialsforLogin(java.lang.String,java.lang.String)[pri:0, instance:testScripts.LoginPageTest@206a70ef] output={null}]]]>
              </value>
            </param>
          </params>
          <reporter-output>
          </reporter-output>
        </test-method> <!-- afterMethod -->
        <test-method is-config="true" signature="beforeMethod(java.lang.String)[pri:0, instance:testScripts.LoginPageTest@206a70ef]" started-at="2025-01-09T08:57:49 IST" name="beforeMethod" finished-at="2025-01-09T08:57:51 IST" duration-ms="2148" status="PASS">
          <params>
            <param index="0">
              <value>
                <![CDATA[Chrome]]>
              </value>
            </param>
          </params>
          <reporter-output>
          </reporter-output>
        </test-method> <!-- beforeMethod -->
        <test-method retried="true" signature="verifyValidCredentialsforLogin(java.lang.String,java.lang.String)[pri:0, instance:testScripts.LoginPageTest@206a70ef]" started-at="2025-01-09T08:57:51 IST" name="verifyValidCredentialsforLogin" data-provider="Credentials" finished-at="2025-01-09T08:57:52 IST" duration-ms="676" status="SKIP">
          <params>
            <param index="0">
              <value>
                <![CDATA[admin]]>
              </value>
            </param>
            <param index="1">
              <value>
                <![CDATA[Ob@#$]]>
              </value>
            </param>
          </params>
          <exception class="java.lang.AssertionError">
            <message>
              <![CDATA[Dashboard is not displayed expected [Dashboard | 7rmart supermarket] but found [Login | 7rmart supermarket]]]>
            </message>
            <full-stacktrace>
              <![CDATA[java.lang.AssertionError: Dashboard is not displayed expected [Dashboard | 7rmart supermarket] but found [Login | 7rmart supermarket]
at org.testng.Assert.fail(Assert.java:99)
at org.testng.Assert.failNotEquals(Assert.java:1037)
at org.testng.Assert.assertEqualsImpl(Assert.java:140)
at org.testng.Assert.assertEquals(Assert.java:122)
at org.testng.Assert.assertEquals(Assert.java:629)
at testScripts.LoginPageTest.verifyValidCredentialsforLogin(LoginPageTest.java:35)
at java.base/jdk.internal.reflect.DirectMethodHandleAccessor.invoke(DirectMethodHandleAccessor.java:103)
at java.base/java.lang.reflect.Method.invoke(Method.java:580)
at org.testng.internal.MethodInvocationHelper.invokeMethod(MethodInvocationHelper.java:133)
at org.testng.internal.TestInvoker.invokeMethod(TestInvoker.java:598)
at org.testng.internal.TestInvoker.retryFailed(TestInvoker.java:213)
at org.testng.internal.MethodRunner.runInSequence(MethodRunner.java:58)
at org.testng.internal.TestInvoker$MethodInvocationAgent.invoke(TestInvoker.java:824)
at org.testng.internal.TestInvoker.invokeTestMethods(TestInvoker.java:146)
at org.testng.internal.TestMethodWorker.invokeTestMethods(TestMethodWorker.java:146)
at org.testng.internal.TestMethodWorker.run(TestMethodWorker.java:128)
at java.base/java.util.ArrayList.forEach(ArrayList.java:1597)
at org.testng.TestRunner.privateRun(TestRunner.java:794)
at org.testng.TestRunner.run(TestRunner.java:596)
at org.testng.SuiteRunner.runTest(SuiteRunner.java:377)
at org.testng.SuiteRunner.runSequentially(SuiteRunner.java:371)
at org.testng.SuiteRunner.privateRun(SuiteRunner.java:332)
at org.testng.SuiteRunner.run(SuiteRunner.java:276)
at org.testng.SuiteRunnerWorker.runSuite(SuiteRunnerWorker.java:53)
at org.testng.SuiteRunnerWorker.run(SuiteRunnerWorker.java:96)
at org.testng.TestNG.runSuitesSequentially(TestNG.java:1212)
at org.testng.TestNG.runSuitesLocally(TestNG.java:1134)
at org.testng.TestNG.runSuites(TestNG.java:1063)
at org.testng.TestNG.run(TestNG.java:1031)
at org.testng.remote.AbstractRemoteTestNG.run(AbstractRemoteTestNG.java:115)
at org.testng.remote.RemoteTestNG.initAndRun(RemoteTestNG.java:293)
at org.testng.remote.RemoteTestNG.main(RemoteTestNG.java:91)
]]>
            </full-stacktrace>
          </exception> <!-- java.lang.AssertionError -->
          <reporter-output>
          </reporter-output>
        </test-method> <!-- verifyValidCredentialsforLogin -->
        <test-method is-config="true" signature="afterMethod(org.testng.ITestResult)[pri:0, instance:testScripts.LoginPageTest@206a70ef]" started-at="2025-01-09T08:57:52 IST" name="afterMethod" finished-at="2025-01-09T08:57:52 IST" duration-ms="264" status="PASS">
          <params>
            <param index="0">
              <value>
                <![CDATA[[TestResult name=verifyValidCredentialsforLogin status=SKIP method=LoginPageTest.verifyValidCredentialsforLogin(java.lang.String,java.lang.String)[pri:0, instance:testScripts.LoginPageTest@206a70ef] output={null}]]]>
              </value>
            </param>
          </params>
          <reporter-output>
          </reporter-output>
        </test-method> <!-- afterMethod -->
        <test-method is-config="true" signature="beforeMethod(java.lang.String)[pri:0, instance:testScripts.LoginPageTest@206a70ef]" started-at="2025-01-09T08:57:52 IST" name="beforeMethod" finished-at="2025-01-09T08:57:54 IST" duration-ms="2290" status="PASS">
          <params>
            <param index="0">
              <value>
                <![CDATA[Chrome]]>
              </value>
            </param>
          </params>
          <reporter-output>
          </reporter-output>
        </test-method> <!-- beforeMethod -->
        <test-method signature="verifyValidCredentialsforLogin(java.lang.String,java.lang.String)[pri:0, instance:testScripts.LoginPageTest@206a70ef]" started-at="2025-01-09T08:57:54 IST" name="verifyValidCredentialsforLogin" data-provider="Credentials" finished-at="2025-01-09T08:57:55 IST" duration-ms="663" status="FAIL">
          <params>
            <param index="0">
              <value>
                <![CDATA[admin]]>
              </value>
            </param>
            <param index="1">
              <value>
                <![CDATA[Ob@#$]]>
              </value>
            </param>
          </params>
          <exception class="java.lang.AssertionError">
            <message>
              <![CDATA[Dashboard is not displayed expected [Dashboard | 7rmart supermarket] but found [Login | 7rmart supermarket]]]>
            </message>
            <full-stacktrace>
              <![CDATA[java.lang.AssertionError: Dashboard is not displayed expected [Dashboard | 7rmart supermarket] but found [Login | 7rmart supermarket]
at org.testng.Assert.fail(Assert.java:99)
at org.testng.Assert.failNotEquals(Assert.java:1037)
at org.testng.Assert.assertEqualsImpl(Assert.java:140)
at org.testng.Assert.assertEquals(Assert.java:122)
at org.testng.Assert.assertEquals(Assert.java:629)
at testScripts.LoginPageTest.verifyValidCredentialsforLogin(LoginPageTest.java:35)
at java.base/jdk.internal.reflect.DirectMethodHandleAccessor.invoke(DirectMethodHandleAccessor.java:103)
at java.base/java.lang.reflect.Method.invoke(Method.java:580)
at org.testng.internal.MethodInvocationHelper.invokeMethod(MethodInvocationHelper.java:133)
at org.testng.internal.TestInvoker.invokeMethod(TestInvoker.java:598)
at org.testng.internal.TestInvoker.retryFailed(TestInvoker.java:213)
at org.testng.internal.MethodRunner.runInSequence(MethodRunner.java:58)
at org.testng.internal.TestInvoker$MethodInvocationAgent.invoke(TestInvoker.java:824)
at org.testng.internal.TestInvoker.invokeTestMethods(TestInvoker.java:146)
at org.testng.internal.TestMethodWorker.invokeTestMethods(TestMethodWorker.java:146)
at org.testng.internal.TestMethodWorker.run(TestMethodWorker.java:128)
at java.base/java.util.ArrayList.forEach(ArrayList.java:1597)
at org.testng.TestRunner.privateRun(TestRunner.java:794)
at org.testng.TestRunner.run(TestRunner.java:596)
at org.testng.SuiteRunner.runTest(SuiteRunner.java:377)
at org.testng.SuiteRunner.runSequentially(SuiteRunner.java:371)
at org.testng.SuiteRunner.privateRun(SuiteRunner.java:332)
at org.testng.SuiteRunner.run(SuiteRunner.java:276)
at org.testng.SuiteRunnerWorker.runSuite(SuiteRunnerWorker.java:53)
at org.testng.SuiteRunnerWorker.run(SuiteRunnerWorker.java:96)
at org.testng.TestNG.runSuitesSequentially(TestNG.java:1212)
at org.testng.TestNG.runSuitesLocally(TestNG.java:1134)
at org.testng.TestNG.runSuites(TestNG.java:1063)
at org.testng.TestNG.run(TestNG.java:1031)
at org.testng.remote.AbstractRemoteTestNG.run(AbstractRemoteTestNG.java:115)
at org.testng.remote.RemoteTestNG.initAndRun(RemoteTestNG.java:293)
at org.testng.remote.RemoteTestNG.main(RemoteTestNG.java:91)
]]>
            </full-stacktrace>
          </exception> <!-- java.lang.AssertionError -->
          <reporter-output>
          </reporter-output>
        </test-method> <!-- verifyValidCredentialsforLogin -->
        <test-method is-config="true" signature="afterMethod(org.testng.ITestResult)[pri:0, instance:testScripts.LoginPageTest@206a70ef]" started-at="2025-01-09T08:57:55 IST" name="afterMethod" finished-at="2025-01-09T08:57:55 IST" duration-ms="410" status="PASS">
          <params>
            <param index="0">
              <value>
                <![CDATA[[TestResult name=verifyValidCredentialsforLogin status=FAILURE method=LoginPageTest.verifyValidCredentialsforLogin(java.lang.String,java.lang.String)[pri:0, instance:testScripts.LoginPageTest@206a70ef] output={null}]]]>
              </value>
            </param>
          </params>
          <reporter-output>
          </reporter-output>
        </test-method> <!-- afterMethod -->
      </class> <!-- testScripts.LoginPageTest -->
      <class name="testScripts.CategoryTest">
        <test-method is-config="true" signature="beforeMethod(java.lang.String)[pri:0, instance:testScripts.CategoryTest@6c6cb480]" started-at="2025-01-09T08:57:01 IST" name="beforeMethod" finished-at="2025-01-09T08:57:03 IST" duration-ms="2165" status="PASS">
          <params>
            <param index="0">
              <value>
                <![CDATA[Chrome]]>
              </value>
            </param>
          </params>
          <reporter-output>
          </reporter-output>
        </test-method> <!-- beforeMethod -->
        <test-method signature="verifyCreateNewCategory(java.lang.String,java.lang.String)[pri:1, instance:testScripts.CategoryTest@6c6cb480]" started-at="2025-01-09T08:57:03 IST" name="verifyCreateNewCategory" finished-at="2025-01-09T08:57:08 IST" duration-ms="5226" status="PASS">
          <params>
            <param index="0">
              <value>
                <![CDATA[admin]]>
              </value>
            </param>
            <param index="1">
              <value>
                <![CDATA[admin]]>
              </value>
            </param>
          </params>
          <reporter-output>
          </reporter-output>
        </test-method> <!-- verifyCreateNewCategory -->
        <test-method is-config="true" signature="afterMethod(org.testng.ITestResult)[pri:0, instance:testScripts.CategoryTest@6c6cb480]" started-at="2025-01-09T08:57:08 IST" name="afterMethod" finished-at="2025-01-09T08:57:08 IST" duration-ms="328" status="PASS">
          <params>
            <param index="0">
              <value>
                <![CDATA[[TestResult name=verifyCreateNewCategory status=SUCCESS method=CategoryTest.verifyCreateNewCategory(java.lang.String,java.lang.String)[pri:1, instance:testScripts.CategoryTest@6c6cb480] output={null}]]]>
              </value>
            </param>
          </params>
          <reporter-output>
          </reporter-output>
        </test-method> <!-- afterMethod -->
        <test-method is-config="true" signature="beforeMethod(java.lang.String)[pri:0, instance:testScripts.CategoryTest@6c6cb480]" started-at="2025-01-09T08:57:08 IST" name="beforeMethod" finished-at="2025-01-09T08:57:11 IST" duration-ms="2194" status="PASS">
          <params>
            <param index="0">
              <value>
                <![CDATA[Chrome]]>
              </value>
            </param>
          </params>
          <reporter-output>
          </reporter-output>
        </test-method> <!-- beforeMethod -->
        <test-method signature="verifyCategorySearch(java.lang.String,java.lang.String)[pri:2, instance:testScripts.CategoryTest@6c6cb480]" started-at="2025-01-09T08:57:11 IST" name="verifyCategorySearch" finished-at="2025-01-09T08:57:13 IST" duration-ms="2064" status="PASS">
          <params>
            <param index="0">
              <value>
                <![CDATA[admin]]>
              </value>
            </param>
            <param index="1">
              <value>
                <![CDATA[admin]]>
              </value>
            </param>
          </params>
          <reporter-output>
          </reporter-output>
        </test-method> <!-- verifyCategorySearch -->
        <test-method is-config="true" signature="afterMethod(org.testng.ITestResult)[pri:0, instance:testScripts.CategoryTest@6c6cb480]" started-at="2025-01-09T08:57:13 IST" name="afterMethod" finished-at="2025-01-09T08:57:13 IST" duration-ms="269" status="PASS">
          <params>
            <param index="0">
              <value>
                <![CDATA[[TestResult name=verifyCategorySearch status=SUCCESS method=CategoryTest.verifyCategorySearch(java.lang.String,java.lang.String)[pri:2, instance:testScripts.CategoryTest@6c6cb480] output={null}]]]>
              </value>
            </param>
          </params>
          <reporter-output>
          </reporter-output>
        </test-method> <!-- afterMethod -->
        <test-method is-config="true" signature="beforeMethod(java.lang.String)[pri:0, instance:testScripts.CategoryTest@6c6cb480]" started-at="2025-01-09T08:57:13 IST" name="beforeMethod" finished-at="2025-01-09T08:57:15 IST" duration-ms="2130" status="PASS">
          <params>
            <param index="0">
              <value>
                <![CDATA[Chrome]]>
              </value>
            </param>
          </params>
          <reporter-output>
          </reporter-output>
        </test-method> <!-- beforeMethod -->
        <test-method signature="verifyDeleteCategoryfromSearchResult(java.lang.String,java.lang.String)[pri:3, instance:testScripts.CategoryTest@6c6cb480]" started-at="2025-01-09T08:57:15 IST" name="verifyDeleteCategoryfromSearchResult" finished-at="2025-01-09T08:57:18 IST" duration-ms="2371" status="PASS">
          <params>
            <param index="0">
              <value>
                <![CDATA[admin]]>
              </value>
            </param>
            <param index="1">
              <value>
                <![CDATA[admin]]>
              </value>
            </param>
          </params>
          <reporter-output>
          </reporter-output>
        </test-method> <!-- verifyDeleteCategoryfromSearchResult -->
        <test-method is-config="true" signature="afterMethod(org.testng.ITestResult)[pri:0, instance:testScripts.CategoryTest@6c6cb480]" started-at="2025-01-09T08:57:18 IST" name="afterMethod" finished-at="2025-01-09T08:57:18 IST" duration-ms="217" status="PASS">
          <params>
            <param index="0">
              <value>
                <![CDATA[[TestResult name=verifyDeleteCategoryfromSearchResult status=SUCCESS method=CategoryTest.verifyDeleteCategoryfromSearchResult(java.lang.String,java.lang.String)[pri:3, instance:testScripts.CategoryTest@6c6cb480] output={null}]]]>
              </value>
            </param>
          </params>
          <reporter-output>
          </reporter-output>
        </test-method> <!-- afterMethod -->
      </class> <!-- testScripts.CategoryTest -->
      <class name="testScripts.AdminUsersPageTest">
        <test-method is-config="true" signature="beforeMethod(java.lang.String)[pri:0, instance:testScripts.AdminUsersPageTest@55141def]" started-at="2025-01-09T08:56:45 IST" name="beforeMethod" finished-at="2025-01-09T08:56:48 IST" duration-ms="2864" status="PASS">
          <params>
            <param index="0">
              <value>
                <![CDATA[Chrome]]>
              </value>
            </param>
          </params>
          <reporter-output>
          </reporter-output>
        </test-method> <!-- beforeMethod -->
        <test-method signature="verifyAddNewAdminUser(java.lang.String,java.lang.String)[pri:0, instance:testScripts.AdminUsersPageTest@55141def]" started-at="2025-01-09T08:56:48 IST" name="verifyAddNewAdminUser" finished-at="2025-01-09T08:56:51 IST" duration-ms="3717" status="PASS">
          <params>
            <param index="0">
              <value>
                <![CDATA[admin]]>
              </value>
            </param>
            <param index="1">
              <value>
                <![CDATA[admin]]>
              </value>
            </param>
          </params>
          <reporter-output>
          </reporter-output>
        </test-method> <!-- verifyAddNewAdminUser -->
        <test-method is-config="true" signature="afterMethod(org.testng.ITestResult)[pri:0, instance:testScripts.AdminUsersPageTest@55141def]" started-at="2025-01-09T08:56:51 IST" name="afterMethod" finished-at="2025-01-09T08:56:52 IST" duration-ms="328" status="PASS">
          <params>
            <param index="0">
              <value>
                <![CDATA[[TestResult name=verifyAddNewAdminUser status=SUCCESS method=AdminUsersPageTest.verifyAddNewAdminUser(java.lang.String,java.lang.String)[pri:0, instance:testScripts.AdminUsersPageTest@55141def] output={null}]]]>
              </value>
            </param>
          </params>
          <reporter-output>
          </reporter-output>
        </test-method> <!-- afterMethod -->
        <test-method is-config="true" signature="beforeMethod(java.lang.String)[pri:0, instance:testScripts.AdminUsersPageTest@55141def]" started-at="2025-01-09T08:56:52 IST" name="beforeMethod" finished-at="2025-01-09T08:56:54 IST" duration-ms="2195" status="PASS">
          <params>
            <param index="0">
              <value>
                <![CDATA[Chrome]]>
              </value>
            </param>
          </params>
          <reporter-output>
          </reporter-output>
        </test-method> <!-- beforeMethod -->
        <test-method signature="verifyAdminUserSearch(java.lang.String,java.lang.String)[pri:0, instance:testScripts.AdminUsersPageTest@55141def]" started-at="2025-01-09T08:56:54 IST" name="verifyAdminUserSearch" finished-at="2025-01-09T08:56:56 IST" duration-ms="2388" status="PASS">
          <params>
            <param index="0">
              <value>
                <![CDATA[admin]]>
              </value>
            </param>
            <param index="1">
              <value>
                <![CDATA[admin]]>
              </value>
            </param>
          </params>
          <reporter-output>
          </reporter-output>
        </test-method> <!-- verifyAdminUserSearch -->
        <test-method is-config="true" signature="afterMethod(org.testng.ITestResult)[pri:0, instance:testScripts.AdminUsersPageTest@55141def]" started-at="2025-01-09T08:56:56 IST" name="afterMethod" finished-at="2025-01-09T08:56:56 IST" duration-ms="244" status="PASS">
          <params>
            <param index="0">
              <value>
                <![CDATA[[TestResult name=verifyAdminUserSearch status=SUCCESS method=AdminUsersPageTest.verifyAdminUserSearch(java.lang.String,java.lang.String)[pri:0, instance:testScripts.AdminUsersPageTest@55141def] output={null}]]]>
              </value>
            </param>
          </params>
          <reporter-output>
          </reporter-output>
        </test-method> <!-- afterMethod -->
        <test-method is-config="true" signature="beforeMethod(java.lang.String)[pri:0, instance:testScripts.AdminUsersPageTest@55141def]" started-at="2025-01-09T08:56:56 IST" name="beforeMethod" finished-at="2025-01-09T08:56:59 IST" duration-ms="2171" status="PASS">
          <params>
            <param index="0">
              <value>
                <![CDATA[Chrome]]>
              </value>
            </param>
          </params>
          <reporter-output>
          </reporter-output>
        </test-method> <!-- beforeMethod -->
        <test-method signature="verifyToDeleteAdminUser(java.lang.String,java.lang.String)[pri:0, instance:testScripts.AdminUsersPageTest@55141def]" started-at="2025-01-09T08:56:59 IST" name="verifyToDeleteAdminUser" finished-at="2025-01-09T08:57:00 IST" duration-ms="1805" status="PASS">
          <params>
            <param index="0">
              <value>
                <![CDATA[admin]]>
              </value>
            </param>
            <param index="1">
              <value>
                <![CDATA[admin]]>
              </value>
            </param>
          </params>
          <reporter-output>
          </reporter-output>
        </test-method> <!-- verifyToDeleteAdminUser -->
        <test-method is-config="true" signature="afterMethod(org.testng.ITestResult)[pri:0, instance:testScripts.AdminUsersPageTest@55141def]" started-at="2025-01-09T08:57:00 IST" name="afterMethod" finished-at="2025-01-09T08:57:01 IST" duration-ms="286" status="PASS">
          <params>
            <param index="0">
              <value>
                <![CDATA[[TestResult name=verifyToDeleteAdminUser status=SUCCESS method=AdminUsersPageTest.verifyToDeleteAdminUser(java.lang.String,java.lang.String)[pri:0, instance:testScripts.AdminUsersPageTest@55141def] output={null}]]]>
              </value>
            </param>
          </params>
          <reporter-output>
          </reporter-output>
        </test-method> <!-- afterMethod -->
      </class> <!-- testScripts.AdminUsersPageTest -->
      <class name="testScripts.ManageNewsTest">
        <test-method is-config="true" signature="beforeMethod(java.lang.String)[pri:0, instance:testScripts.ManageNewsTest@c730b35]" started-at="2025-01-09T08:57:22 IST" name="beforeMethod" finished-at="2025-01-09T08:57:24 IST" duration-ms="2157" status="PASS">
          <params>
            <param index="0">
              <value>
                <![CDATA[Chrome]]>
              </value>
            </param>
          </params>
          <reporter-output>
          </reporter-output>
        </test-method> <!-- beforeMethod -->
        <test-method signature="enterNewsInfo(java.lang.String,java.lang.String)[pri:0, instance:testScripts.ManageNewsTest@c730b35]" started-at="2025-01-09T08:57:24 IST" name="enterNewsInfo" finished-at="2025-01-09T08:57:26 IST" duration-ms="2232" status="PASS">
          <params>
            <param index="0">
              <value>
                <![CDATA[admin]]>
              </value>
            </param>
            <param index="1">
              <value>
                <![CDATA[admin]]>
              </value>
            </param>
          </params>
          <reporter-output>
          </reporter-output>
        </test-method> <!-- enterNewsInfo -->
        <test-method is-config="true" signature="afterMethod(org.testng.ITestResult)[pri:0, instance:testScripts.ManageNewsTest@c730b35]" started-at="2025-01-09T08:57:26 IST" name="afterMethod" finished-at="2025-01-09T08:57:26 IST" duration-ms="244" status="PASS">
          <params>
            <param index="0">
              <value>
                <![CDATA[[TestResult name=enterNewsInfo status=SUCCESS method=ManageNewsTest.enterNewsInfo(java.lang.String,java.lang.String)[pri:0, instance:testScripts.ManageNewsTest@c730b35] output={null}]]]>
              </value>
            </param>
          </params>
          <reporter-output>
          </reporter-output>
        </test-method> <!-- afterMethod -->
      </class> <!-- testScripts.ManageNewsTest -->
    </test> <!-- ChromeTest -->
    <test started-at="2025-01-09T08:57:55 IST" name="EdgeTest" finished-at="2025-01-09T08:59:28 IST" duration-ms="92551">
      <class name="testScripts.HomePageTest">
        <test-method is-config="true" signature="beforeMethod(java.lang.String)[pri:0, instance:testScripts.HomePageTest@1a677343]" started-at="2025-01-09T08:58:34 IST" name="beforeMethod" finished-at="2025-01-09T08:58:37 IST" duration-ms="2696" status="PASS">
          <params>
            <param index="0">
              <value>
                <![CDATA[Edge]]>
              </value>
            </param>
          </params>
          <reporter-output>
          </reporter-output>
        </test-method> <!-- beforeMethod -->
        <test-method signature="verifyUserisAbleToLogout(java.lang.String,java.lang.String)[pri:0, instance:testScripts.HomePageTest@1a677343]" started-at="2025-01-09T08:58:37 IST" name="verifyUserisAbleToLogout" finished-at="2025-01-09T08:58:39 IST" duration-ms="1315" status="PASS">
          <params>
            <param index="0">
              <value>
                <![CDATA[admin]]>
              </value>
            </param>
            <param index="1">
              <value>
                <![CDATA[admin]]>
              </value>
            </param>
          </params>
          <reporter-output>
          </reporter-output>
        </test-method> <!-- verifyUserisAbleToLogout -->
        <test-method is-config="true" signature="afterMethod(org.testng.ITestResult)[pri:0, instance:testScripts.HomePageTest@1a677343]" started-at="2025-01-09T08:58:39 IST" name="afterMethod" finished-at="2025-01-09T08:58:40 IST" duration-ms="1354" status="PASS">
          <params>
            <param index="0">
              <value>
                <![CDATA[[TestResult name=verifyUserisAbleToLogout status=SUCCESS method=HomePageTest.verifyUserisAbleToLogout(java.lang.String,java.lang.String)[pri:0, instance:testScripts.HomePageTest@1a677343] output={null}]]]>
              </value>
            </param>
          </params>
          <reporter-output>
          </reporter-output>
        </test-method> <!-- afterMethod -->
      </class> <!-- testScripts.HomePageTest -->
      <class name="testScripts.LoginPageTest">
        <test-method is-config="true" signature="beforeMethod(java.lang.String)[pri:0, instance:testScripts.LoginPageTest@489115ef]" started-at="2025-01-09T08:58:46 IST" name="beforeMethod" finished-at="2025-01-09T08:58:48 IST" duration-ms="2399" status="PASS">
          <params>
            <param index="0">
              <value>
                <![CDATA[Edge]]>
              </value>
            </param>
          </params>
          <reporter-output>
          </reporter-output>
        </test-method> <!-- beforeMethod -->
        <test-method signature="verifyInvalidPasswordforLogin()[pri:0, instance:testScripts.LoginPageTest@489115ef]" started-at="2025-01-09T08:58:48 IST" name="verifyInvalidPasswordforLogin" finished-at="2025-01-09T08:58:49 IST" duration-ms="869" status="PASS">
          <reporter-output>
          </reporter-output>
        </test-method> <!-- verifyInvalidPasswordforLogin -->
        <test-method is-config="true" signature="afterMethod(org.testng.ITestResult)[pri:0, instance:testScripts.LoginPageTest@489115ef]" started-at="2025-01-09T08:58:49 IST" name="afterMethod" finished-at="2025-01-09T08:58:51 IST" duration-ms="1401" status="PASS">
          <params>
            <param index="0">
              <value>
                <![CDATA[[TestResult name=verifyInvalidPasswordforLogin status=SUCCESS method=LoginPageTest.verifyInvalidPasswordforLogin()[pri:0, instance:testScripts.LoginPageTest@489115ef] output={null}]]]>
              </value>
            </param>
          </params>
          <reporter-output>
          </reporter-output>
        </test-method> <!-- afterMethod -->
        <test-method is-config="true" signature="beforeMethod(java.lang.String)[pri:0, instance:testScripts.LoginPageTest@489115ef]" started-at="2025-01-09T08:58:51 IST" name="beforeMethod" finished-at="2025-01-09T08:58:53 IST" duration-ms="2487" status="PASS">
          <params>
            <param index="0">
              <value>
                <![CDATA[Edge]]>
              </value>
            </param>
          </params>
          <reporter-output>
          </reporter-output>
        </test-method> <!-- beforeMethod -->
        <test-method signature="verifyInvalidUserNameforLogin()[pri:0, instance:testScripts.LoginPageTest@489115ef]" started-at="2025-01-09T08:58:53 IST" name="verifyInvalidUserNameforLogin" finished-at="2025-01-09T08:58:54 IST" duration-ms="976" status="PASS">
          <reporter-output>
          </reporter-output>
        </test-method> <!-- verifyInvalidUserNameforLogin -->
        <test-method is-config="true" signature="afterMethod(org.testng.ITestResult)[pri:0, instance:testScripts.LoginPageTest@489115ef]" started-at="2025-01-09T08:58:54 IST" name="afterMethod" finished-at="2025-01-09T08:58:55 IST" duration-ms="1329" status="PASS">
          <params>
            <param index="0">
              <value>
                <![CDATA[[TestResult name=verifyInvalidUserNameforLogin status=SUCCESS method=LoginPageTest.verifyInvalidUserNameforLogin()[pri:0, instance:testScripts.LoginPageTest@489115ef] output={null}]]]>
              </value>
            </param>
          </params>
          <reporter-output>
          </reporter-output>
        </test-method> <!-- afterMethod -->
        <test-method is-config="true" signature="beforeMethod(java.lang.String)[pri:0, instance:testScripts.LoginPageTest@489115ef]" started-at="2025-01-09T08:58:55 IST" name="beforeMethod" finished-at="2025-01-09T08:58:58 IST" duration-ms="2465" status="PASS">
          <params>
            <param index="0">
              <value>
                <![CDATA[Edge]]>
              </value>
            </param>
          </params>
          <reporter-output>
          </reporter-output>
        </test-method> <!-- beforeMethod -->
        <test-method signature="verifyValidCredentialsforLogin(java.lang.String,java.lang.String)[pri:0, instance:testScripts.LoginPageTest@489115ef]" started-at="2025-01-09T08:58:58 IST" name="verifyValidCredentialsforLogin" data-provider="Credentials" finished-at="2025-01-09T08:58:59 IST" duration-ms="906" status="PASS">
          <params>
            <param index="0">
              <value>
                <![CDATA[admin]]>
              </value>
            </param>
            <param index="1">
              <value>
                <![CDATA[admin]]>
              </value>
            </param>
          </params>
          <reporter-output>
          </reporter-output>
        </test-method> <!-- verifyValidCredentialsforLogin -->
        <test-method is-config="true" signature="afterMethod(org.testng.ITestResult)[pri:0, instance:testScripts.LoginPageTest@489115ef]" started-at="2025-01-09T08:58:59 IST" name="afterMethod" finished-at="2025-01-09T08:59:00 IST" duration-ms="1346" status="PASS">
          <params>
            <param index="0">
              <value>
                <![CDATA[[TestResult name=verifyValidCredentialsforLogin status=SUCCESS method=LoginPageTest.verifyValidCredentialsforLogin(java.lang.String,java.lang.String)[pri:0, instance:testScripts.LoginPageTest@489115ef] output={null}]]]>
              </value>
            </param>
          </params>
          <reporter-output>
          </reporter-output>
        </test-method> <!-- afterMethod -->
        <test-method is-config="true" signature="beforeMethod(java.lang.String)[pri:0, instance:testScripts.LoginPageTest@489115ef]" started-at="2025-01-09T08:59:00 IST" name="beforeMethod" finished-at="2025-01-09T08:59:03 IST" duration-ms="2596" status="PASS">
          <params>
            <param index="0">
              <value>
                <![CDATA[Edge]]>
              </value>
            </param>
          </params>
          <reporter-output>
          </reporter-output>
        </test-method> <!-- beforeMethod -->
        <test-method retried="true" signature="verifyValidCredentialsforLogin(java.lang.String,java.lang.String)[pri:0, instance:testScripts.LoginPageTest@489115ef]" started-at="2025-01-09T08:59:03 IST" name="verifyValidCredentialsforLogin" data-provider="Credentials" finished-at="2025-01-09T08:59:04 IST" duration-ms="953" status="SKIP">
          <params>
            <param index="0">
              <value>
                <![CDATA[@#$]]>
              </value>
            </param>
            <param index="1">
              <value>
                <![CDATA[admin]]>
              </value>
            </param>
          </params>
          <exception class="java.lang.AssertionError">
            <message>
              <![CDATA[Dashboard is not displayed expected [Dashboard | 7rmart supermarket] but found [Login | 7rmart supermarket]]]>
            </message>
            <full-stacktrace>
              <![CDATA[java.lang.AssertionError: Dashboard is not displayed expected [Dashboard | 7rmart supermarket] but found [Login | 7rmart supermarket]
at org.testng.Assert.fail(Assert.java:99)
at org.testng.Assert.failNotEquals(Assert.java:1037)
at org.testng.Assert.assertEqualsImpl(Assert.java:140)
at org.testng.Assert.assertEquals(Assert.java:122)
at org.testng.Assert.assertEquals(Assert.java:629)
at testScripts.LoginPageTest.verifyValidCredentialsforLogin(LoginPageTest.java:35)
at java.base/jdk.internal.reflect.DirectMethodHandleAccessor.invoke(DirectMethodHandleAccessor.java:103)
at java.base/java.lang.reflect.Method.invoke(Method.java:580)
at org.testng.internal.MethodInvocationHelper.invokeMethod(MethodInvocationHelper.java:133)
at org.testng.internal.TestInvoker.invokeMethod(TestInvoker.java:598)
at org.testng.internal.TestInvoker.invokeTestMethod(TestInvoker.java:173)
at org.testng.internal.MethodRunner.runInSequence(MethodRunner.java:46)
at org.testng.internal.TestInvoker$MethodInvocationAgent.invoke(TestInvoker.java:824)
at org.testng.internal.TestInvoker.invokeTestMethods(TestInvoker.java:146)
at org.testng.internal.TestMethodWorker.invokeTestMethods(TestMethodWorker.java:146)
at org.testng.internal.TestMethodWorker.run(TestMethodWorker.java:128)
at java.base/java.util.ArrayList.forEach(ArrayList.java:1597)
at org.testng.TestRunner.privateRun(TestRunner.java:794)
at org.testng.TestRunner.run(TestRunner.java:596)
at org.testng.SuiteRunner.runTest(SuiteRunner.java:377)
at org.testng.SuiteRunner.runSequentially(SuiteRunner.java:371)
at org.testng.SuiteRunner.privateRun(SuiteRunner.java:332)
at org.testng.SuiteRunner.run(SuiteRunner.java:276)
at org.testng.SuiteRunnerWorker.runSuite(SuiteRunnerWorker.java:53)
at org.testng.SuiteRunnerWorker.run(SuiteRunnerWorker.java:96)
at org.testng.TestNG.runSuitesSequentially(TestNG.java:1212)
at org.testng.TestNG.runSuitesLocally(TestNG.java:1134)
at org.testng.TestNG.runSuites(TestNG.java:1063)
at org.testng.TestNG.run(TestNG.java:1031)
at org.testng.remote.AbstractRemoteTestNG.run(AbstractRemoteTestNG.java:115)
at org.testng.remote.RemoteTestNG.initAndRun(RemoteTestNG.java:293)
at org.testng.remote.RemoteTestNG.main(RemoteTestNG.java:91)
]]>
            </full-stacktrace>
          </exception> <!-- java.lang.AssertionError -->
          <reporter-output>
          </reporter-output>
        </test-method> <!-- verifyValidCredentialsforLogin -->
        <test-method is-config="true" signature="afterMethod(org.testng.ITestResult)[pri:0, instance:testScripts.LoginPageTest@489115ef]" started-at="2025-01-09T08:59:04 IST" name="afterMethod" finished-at="2025-01-09T08:59:05 IST" duration-ms="1385" status="PASS">
          <params>
            <param index="0">
              <value>
                <![CDATA[[TestResult name=verifyValidCredentialsforLogin status=SKIP method=LoginPageTest.verifyValidCredentialsforLogin(java.lang.String,java.lang.String)[pri:0, instance:testScripts.LoginPageTest@489115ef] output={null}]]]>
              </value>
            </param>
          </params>
          <reporter-output>
          </reporter-output>
        </test-method> <!-- afterMethod -->
        <test-method is-config="true" signature="beforeMethod(java.lang.String)[pri:0, instance:testScripts.LoginPageTest@489115ef]" started-at="2025-01-09T08:59:05 IST" name="beforeMethod" finished-at="2025-01-09T08:59:08 IST" duration-ms="2884" status="PASS">
          <params>
            <param index="0">
              <value>
                <![CDATA[Edge]]>
              </value>
            </param>
          </params>
          <reporter-output>
          </reporter-output>
        </test-method> <!-- beforeMethod -->
        <test-method retried="true" signature="verifyValidCredentialsforLogin(java.lang.String,java.lang.String)[pri:0, instance:testScripts.LoginPageTest@489115ef]" started-at="2025-01-09T08:59:08 IST" name="verifyValidCredentialsforLogin" data-provider="Credentials" finished-at="2025-01-09T08:59:08 IST" duration-ms="594" status="SKIP">
          <params>
            <param index="0">
              <value>
                <![CDATA[@#$]]>
              </value>
            </param>
            <param index="1">
              <value>
                <![CDATA[admin]]>
              </value>
            </param>
          </params>
          <exception class="java.lang.AssertionError">
            <message>
              <![CDATA[Dashboard is not displayed expected [Dashboard | 7rmart supermarket] but found [Login | 7rmart supermarket]]]>
            </message>
            <full-stacktrace>
              <![CDATA[java.lang.AssertionError: Dashboard is not displayed expected [Dashboard | 7rmart supermarket] but found [Login | 7rmart supermarket]
at org.testng.Assert.fail(Assert.java:99)
at org.testng.Assert.failNotEquals(Assert.java:1037)
at org.testng.Assert.assertEqualsImpl(Assert.java:140)
at org.testng.Assert.assertEquals(Assert.java:122)
at org.testng.Assert.assertEquals(Assert.java:629)
at testScripts.LoginPageTest.verifyValidCredentialsforLogin(LoginPageTest.java:35)
at java.base/jdk.internal.reflect.DirectMethodHandleAccessor.invoke(DirectMethodHandleAccessor.java:103)
at java.base/java.lang.reflect.Method.invoke(Method.java:580)
at org.testng.internal.MethodInvocationHelper.invokeMethod(MethodInvocationHelper.java:133)
at org.testng.internal.TestInvoker.invokeMethod(TestInvoker.java:598)
at org.testng.internal.TestInvoker.retryFailed(TestInvoker.java:213)
at org.testng.internal.MethodRunner.runInSequence(MethodRunner.java:58)
at org.testng.internal.TestInvoker$MethodInvocationAgent.invoke(TestInvoker.java:824)
at org.testng.internal.TestInvoker.invokeTestMethods(TestInvoker.java:146)
at org.testng.internal.TestMethodWorker.invokeTestMethods(TestMethodWorker.java:146)
at org.testng.internal.TestMethodWorker.run(TestMethodWorker.java:128)
at java.base/java.util.ArrayList.forEach(ArrayList.java:1597)
at org.testng.TestRunner.privateRun(TestRunner.java:794)
at org.testng.TestRunner.run(TestRunner.java:596)
at org.testng.SuiteRunner.runTest(SuiteRunner.java:377)
at org.testng.SuiteRunner.runSequentially(SuiteRunner.java:371)
at org.testng.SuiteRunner.privateRun(SuiteRunner.java:332)
at org.testng.SuiteRunner.run(SuiteRunner.java:276)
at org.testng.SuiteRunnerWorker.runSuite(SuiteRunnerWorker.java:53)
at org.testng.SuiteRunnerWorker.run(SuiteRunnerWorker.java:96)
at org.testng.TestNG.runSuitesSequentially(TestNG.java:1212)
at org.testng.TestNG.runSuitesLocally(TestNG.java:1134)
at org.testng.TestNG.runSuites(TestNG.java:1063)
at org.testng.TestNG.run(TestNG.java:1031)
at org.testng.remote.AbstractRemoteTestNG.run(AbstractRemoteTestNG.java:115)
at org.testng.remote.RemoteTestNG.initAndRun(RemoteTestNG.java:293)
at org.testng.remote.RemoteTestNG.main(RemoteTestNG.java:91)
]]>
            </full-stacktrace>
          </exception> <!-- java.lang.AssertionError -->
          <reporter-output>
          </reporter-output>
        </test-method> <!-- verifyValidCredentialsforLogin -->
        <test-method is-config="true" signature="afterMethod(org.testng.ITestResult)[pri:0, instance:testScripts.LoginPageTest@489115ef]" started-at="2025-01-09T08:59:08 IST" name="afterMethod" finished-at="2025-01-09T08:59:10 IST" duration-ms="1357" status="PASS">
          <params>
            <param index="0">
              <value>
                <![CDATA[[TestResult name=verifyValidCredentialsforLogin status=SKIP method=LoginPageTest.verifyValidCredentialsforLogin(java.lang.String,java.lang.String)[pri:0, instance:testScripts.LoginPageTest@489115ef] output={null}]]]>
              </value>
            </param>
          </params>
          <reporter-output>
          </reporter-output>
        </test-method> <!-- afterMethod -->
        <test-method is-config="true" signature="beforeMethod(java.lang.String)[pri:0, instance:testScripts.LoginPageTest@489115ef]" started-at="2025-01-09T08:59:10 IST" name="beforeMethod" finished-at="2025-01-09T08:59:12 IST" duration-ms="2459" status="PASS">
          <params>
            <param index="0">
              <value>
                <![CDATA[Edge]]>
              </value>
            </param>
          </params>
          <reporter-output>
          </reporter-output>
        </test-method> <!-- beforeMethod -->
        <test-method signature="verifyValidCredentialsforLogin(java.lang.String,java.lang.String)[pri:0, instance:testScripts.LoginPageTest@489115ef]" started-at="2025-01-09T08:59:12 IST" name="verifyValidCredentialsforLogin" data-provider="Credentials" finished-at="2025-01-09T08:59:13 IST" duration-ms="699" status="FAIL">
          <params>
            <param index="0">
              <value>
                <![CDATA[@#$]]>
              </value>
            </param>
            <param index="1">
              <value>
                <![CDATA[admin]]>
              </value>
            </param>
          </params>
          <exception class="java.lang.AssertionError">
            <message>
              <![CDATA[Dashboard is not displayed expected [Dashboard | 7rmart supermarket] but found [Login | 7rmart supermarket]]]>
            </message>
            <full-stacktrace>
              <![CDATA[java.lang.AssertionError: Dashboard is not displayed expected [Dashboard | 7rmart supermarket] but found [Login | 7rmart supermarket]
at org.testng.Assert.fail(Assert.java:99)
at org.testng.Assert.failNotEquals(Assert.java:1037)
at org.testng.Assert.assertEqualsImpl(Assert.java:140)
at org.testng.Assert.assertEquals(Assert.java:122)
at org.testng.Assert.assertEquals(Assert.java:629)
at testScripts.LoginPageTest.verifyValidCredentialsforLogin(LoginPageTest.java:35)
at java.base/jdk.internal.reflect.DirectMethodHandleAccessor.invoke(DirectMethodHandleAccessor.java:103)
at java.base/java.lang.reflect.Method.invoke(Method.java:580)
at org.testng.internal.MethodInvocationHelper.invokeMethod(MethodInvocationHelper.java:133)
at org.testng.internal.TestInvoker.invokeMethod(TestInvoker.java:598)
at org.testng.internal.TestInvoker.retryFailed(TestInvoker.java:213)
at org.testng.internal.MethodRunner.runInSequence(MethodRunner.java:58)
at org.testng.internal.TestInvoker$MethodInvocationAgent.invoke(TestInvoker.java:824)
at org.testng.internal.TestInvoker.invokeTestMethods(TestInvoker.java:146)
at org.testng.internal.TestMethodWorker.invokeTestMethods(TestMethodWorker.java:146)
at org.testng.internal.TestMethodWorker.run(TestMethodWorker.java:128)
at java.base/java.util.ArrayList.forEach(ArrayList.java:1597)
at org.testng.TestRunner.privateRun(TestRunner.java:794)
at org.testng.TestRunner.run(TestRunner.java:596)
at org.testng.SuiteRunner.runTest(SuiteRunner.java:377)
at org.testng.SuiteRunner.runSequentially(SuiteRunner.java:371)
at org.testng.SuiteRunner.privateRun(SuiteRunner.java:332)
at org.testng.SuiteRunner.run(SuiteRunner.java:276)
at org.testng.SuiteRunnerWorker.runSuite(SuiteRunnerWorker.java:53)
at org.testng.SuiteRunnerWorker.run(SuiteRunnerWorker.java:96)
at org.testng.TestNG.runSuitesSequentially(TestNG.java:1212)
at org.testng.TestNG.runSuitesLocally(TestNG.java:1134)
at org.testng.TestNG.runSuites(TestNG.java:1063)
at org.testng.TestNG.run(TestNG.java:1031)
at org.testng.remote.AbstractRemoteTestNG.run(AbstractRemoteTestNG.java:115)
at org.testng.remote.RemoteTestNG.initAndRun(RemoteTestNG.java:293)
at org.testng.remote.RemoteTestNG.main(RemoteTestNG.java:91)
]]>
            </full-stacktrace>
          </exception> <!-- java.lang.AssertionError -->
          <reporter-output>
          </reporter-output>
        </test-method> <!-- verifyValidCredentialsforLogin -->
        <test-method is-config="true" signature="afterMethod(org.testng.ITestResult)[pri:0, instance:testScripts.LoginPageTest@489115ef]" started-at="2025-01-09T08:59:13 IST" name="afterMethod" finished-at="2025-01-09T08:59:14 IST" duration-ms="1499" status="PASS">
          <params>
            <param index="0">
              <value>
                <![CDATA[[TestResult name=verifyValidCredentialsforLogin status=FAILURE method=LoginPageTest.verifyValidCredentialsforLogin(java.lang.String,java.lang.String)[pri:0, instance:testScripts.LoginPageTest@489115ef] output={null}]]]>
              </value>
            </param>
          </params>
          <reporter-output>
          </reporter-output>
        </test-method> <!-- afterMethod -->
        <test-method is-config="true" signature="beforeMethod(java.lang.String)[pri:0, instance:testScripts.LoginPageTest@489115ef]" started-at="2025-01-09T08:59:14 IST" name="beforeMethod" finished-at="2025-01-09T08:59:17 IST" duration-ms="2465" status="PASS">
          <params>
            <param index="0">
              <value>
                <![CDATA[Edge]]>
              </value>
            </param>
          </params>
          <reporter-output>
          </reporter-output>
        </test-method> <!-- beforeMethod -->
        <test-method retried="true" signature="verifyValidCredentialsforLogin(java.lang.String,java.lang.String)[pri:0, instance:testScripts.LoginPageTest@489115ef]" started-at="2025-01-09T08:59:17 IST" name="verifyValidCredentialsforLogin" data-provider="Credentials" finished-at="2025-01-09T08:59:18 IST" duration-ms="629" status="SKIP">
          <params>
            <param index="0">
              <value>
                <![CDATA[admin]]>
              </value>
            </param>
            <param index="1">
              <value>
                <![CDATA[Ob@#$]]>
              </value>
            </param>
          </params>
          <exception class="java.lang.AssertionError">
            <message>
              <![CDATA[Dashboard is not displayed expected [Dashboard | 7rmart supermarket] but found [Login | 7rmart supermarket]]]>
            </message>
            <full-stacktrace>
              <![CDATA[java.lang.AssertionError: Dashboard is not displayed expected [Dashboard | 7rmart supermarket] but found [Login | 7rmart supermarket]
at org.testng.Assert.fail(Assert.java:99)
at org.testng.Assert.failNotEquals(Assert.java:1037)
at org.testng.Assert.assertEqualsImpl(Assert.java:140)
at org.testng.Assert.assertEquals(Assert.java:122)
at org.testng.Assert.assertEquals(Assert.java:629)
at testScripts.LoginPageTest.verifyValidCredentialsforLogin(LoginPageTest.java:35)
at java.base/jdk.internal.reflect.DirectMethodHandleAccessor.invoke(DirectMethodHandleAccessor.java:103)
at java.base/java.lang.reflect.Method.invoke(Method.java:580)
at org.testng.internal.MethodInvocationHelper.invokeMethod(MethodInvocationHelper.java:133)
at org.testng.internal.TestInvoker.invokeMethod(TestInvoker.java:598)
at org.testng.internal.TestInvoker.invokeTestMethod(TestInvoker.java:173)
at org.testng.internal.MethodRunner.runInSequence(MethodRunner.java:46)
at org.testng.internal.TestInvoker$MethodInvocationAgent.invoke(TestInvoker.java:824)
at org.testng.internal.TestInvoker.invokeTestMethods(TestInvoker.java:146)
at org.testng.internal.TestMethodWorker.invokeTestMethods(TestMethodWorker.java:146)
at org.testng.internal.TestMethodWorker.run(TestMethodWorker.java:128)
at java.base/java.util.ArrayList.forEach(ArrayList.java:1597)
at org.testng.TestRunner.privateRun(TestRunner.java:794)
at org.testng.TestRunner.run(TestRunner.java:596)
at org.testng.SuiteRunner.runTest(SuiteRunner.java:377)
at org.testng.SuiteRunner.runSequentially(SuiteRunner.java:371)
at org.testng.SuiteRunner.privateRun(SuiteRunner.java:332)
at org.testng.SuiteRunner.run(SuiteRunner.java:276)
at org.testng.SuiteRunnerWorker.runSuite(SuiteRunnerWorker.java:53)
at org.testng.SuiteRunnerWorker.run(SuiteRunnerWorker.java:96)
at org.testng.TestNG.runSuitesSequentially(TestNG.java:1212)
at org.testng.TestNG.runSuitesLocally(TestNG.java:1134)
at org.testng.TestNG.runSuites(TestNG.java:1063)
at org.testng.TestNG.run(TestNG.java:1031)
at org.testng.remote.AbstractRemoteTestNG.run(AbstractRemoteTestNG.java:115)
at org.testng.remote.RemoteTestNG.initAndRun(RemoteTestNG.java:293)
at org.testng.remote.RemoteTestNG.main(RemoteTestNG.java:91)
]]>
            </full-stacktrace>
          </exception> <!-- java.lang.AssertionError -->
          <reporter-output>
          </reporter-output>
        </test-method> <!-- verifyValidCredentialsforLogin -->
        <test-method is-config="true" signature="afterMethod(org.testng.ITestResult)[pri:0, instance:testScripts.LoginPageTest@489115ef]" started-at="2025-01-09T08:59:18 IST" name="afterMethod" finished-at="2025-01-09T08:59:19 IST" duration-ms="1380" status="PASS">
          <params>
            <param index="0">
              <value>
                <![CDATA[[TestResult name=verifyValidCredentialsforLogin status=SKIP method=LoginPageTest.verifyValidCredentialsforLogin(java.lang.String,java.lang.String)[pri:0, instance:testScripts.LoginPageTest@489115ef] output={null}]]]>
              </value>
            </param>
          </params>
          <reporter-output>
          </reporter-output>
        </test-method> <!-- afterMethod -->
        <test-method is-config="true" signature="beforeMethod(java.lang.String)[pri:0, instance:testScripts.LoginPageTest@489115ef]" started-at="2025-01-09T08:59:19 IST" name="beforeMethod" finished-at="2025-01-09T08:59:21 IST" duration-ms="2426" status="PASS">
          <params>
            <param index="0">
              <value>
                <![CDATA[Edge]]>
              </value>
            </param>
          </params>
          <reporter-output>
          </reporter-output>
        </test-method> <!-- beforeMethod -->
        <test-method retried="true" signature="verifyValidCredentialsforLogin(java.lang.String,java.lang.String)[pri:0, instance:testScripts.LoginPageTest@489115ef]" started-at="2025-01-09T08:59:21 IST" name="verifyValidCredentialsforLogin" data-provider="Credentials" finished-at="2025-01-09T08:59:22 IST" duration-ms="634" status="SKIP">
          <params>
            <param index="0">
              <value>
                <![CDATA[admin]]>
              </value>
            </param>
            <param index="1">
              <value>
                <![CDATA[Ob@#$]]>
              </value>
            </param>
          </params>
          <exception class="java.lang.AssertionError">
            <message>
              <![CDATA[Dashboard is not displayed expected [Dashboard | 7rmart supermarket] but found [Login | 7rmart supermarket]]]>
            </message>
            <full-stacktrace>
              <![CDATA[java.lang.AssertionError: Dashboard is not displayed expected [Dashboard | 7rmart supermarket] but found [Login | 7rmart supermarket]
at org.testng.Assert.fail(Assert.java:99)
at org.testng.Assert.failNotEquals(Assert.java:1037)
at org.testng.Assert.assertEqualsImpl(Assert.java:140)
at org.testng.Assert.assertEquals(Assert.java:122)
at org.testng.Assert.assertEquals(Assert.java:629)
at testScripts.LoginPageTest.verifyValidCredentialsforLogin(LoginPageTest.java:35)
at java.base/jdk.internal.reflect.DirectMethodHandleAccessor.invoke(DirectMethodHandleAccessor.java:103)
at java.base/java.lang.reflect.Method.invoke(Method.java:580)
at org.testng.internal.MethodInvocationHelper.invokeMethod(MethodInvocationHelper.java:133)
at org.testng.internal.TestInvoker.invokeMethod(TestInvoker.java:598)
at org.testng.internal.TestInvoker.retryFailed(TestInvoker.java:213)
at org.testng.internal.MethodRunner.runInSequence(MethodRunner.java:58)
at org.testng.internal.TestInvoker$MethodInvocationAgent.invoke(TestInvoker.java:824)
at org.testng.internal.TestInvoker.invokeTestMethods(TestInvoker.java:146)
at org.testng.internal.TestMethodWorker.invokeTestMethods(TestMethodWorker.java:146)
at org.testng.internal.TestMethodWorker.run(TestMethodWorker.java:128)
at java.base/java.util.ArrayList.forEach(ArrayList.java:1597)
at org.testng.TestRunner.privateRun(TestRunner.java:794)
at org.testng.TestRunner.run(TestRunner.java:596)
at org.testng.SuiteRunner.runTest(SuiteRunner.java:377)
at org.testng.SuiteRunner.runSequentially(SuiteRunner.java:371)
at org.testng.SuiteRunner.privateRun(SuiteRunner.java:332)
at org.testng.SuiteRunner.run(SuiteRunner.java:276)
at org.testng.SuiteRunnerWorker.runSuite(SuiteRunnerWorker.java:53)
at org.testng.SuiteRunnerWorker.run(SuiteRunnerWorker.java:96)
at org.testng.TestNG.runSuitesSequentially(TestNG.java:1212)
at org.testng.TestNG.runSuitesLocally(TestNG.java:1134)
at org.testng.TestNG.runSuites(TestNG.java:1063)
at org.testng.TestNG.run(TestNG.java:1031)
at org.testng.remote.AbstractRemoteTestNG.run(AbstractRemoteTestNG.java:115)
at org.testng.remote.RemoteTestNG.initAndRun(RemoteTestNG.java:293)
at org.testng.remote.RemoteTestNG.main(RemoteTestNG.java:91)
]]>
            </full-stacktrace>
          </exception> <!-- java.lang.AssertionError -->
          <reporter-output>
          </reporter-output>
        </test-method> <!-- verifyValidCredentialsforLogin -->
        <test-method is-config="true" signature="afterMethod(org.testng.ITestResult)[pri:0, instance:testScripts.LoginPageTest@489115ef]" started-at="2025-01-09T08:59:22 IST" name="afterMethod" finished-at="2025-01-09T08:59:23 IST" duration-ms="1377" status="PASS">
          <params>
            <param index="0">
              <value>
                <![CDATA[[TestResult name=verifyValidCredentialsforLogin status=SKIP method=LoginPageTest.verifyValidCredentialsforLogin(java.lang.String,java.lang.String)[pri:0, instance:testScripts.LoginPageTest@489115ef] output={null}]]]>
              </value>
            </param>
          </params>
          <reporter-output>
          </reporter-output>
        </test-method> <!-- afterMethod -->
        <test-method is-config="true" signature="beforeMethod(java.lang.String)[pri:0, instance:testScripts.LoginPageTest@489115ef]" started-at="2025-01-09T08:59:23 IST" name="beforeMethod" finished-at="2025-01-09T08:59:26 IST" duration-ms="2320" status="PASS">
          <params>
            <param index="0">
              <value>
                <![CDATA[Edge]]>
              </value>
            </param>
          </params>
          <reporter-output>
          </reporter-output>
        </test-method> <!-- beforeMethod -->
        <test-method signature="verifyValidCredentialsforLogin(java.lang.String,java.lang.String)[pri:0, instance:testScripts.LoginPageTest@489115ef]" started-at="2025-01-09T08:59:26 IST" name="verifyValidCredentialsforLogin" data-provider="Credentials" finished-at="2025-01-09T08:59:26 IST" duration-ms="701" status="FAIL">
          <params>
            <param index="0">
              <value>
                <![CDATA[admin]]>
              </value>
            </param>
            <param index="1">
              <value>
                <![CDATA[Ob@#$]]>
              </value>
            </param>
          </params>
          <exception class="java.lang.AssertionError">
            <message>
              <![CDATA[Dashboard is not displayed expected [Dashboard | 7rmart supermarket] but found [Login | 7rmart supermarket]]]>
            </message>
            <full-stacktrace>
              <![CDATA[java.lang.AssertionError: Dashboard is not displayed expected [Dashboard | 7rmart supermarket] but found [Login | 7rmart supermarket]
at org.testng.Assert.fail(Assert.java:99)
at org.testng.Assert.failNotEquals(Assert.java:1037)
at org.testng.Assert.assertEqualsImpl(Assert.java:140)
at org.testng.Assert.assertEquals(Assert.java:122)
at org.testng.Assert.assertEquals(Assert.java:629)
at testScripts.LoginPageTest.verifyValidCredentialsforLogin(LoginPageTest.java:35)
at java.base/jdk.internal.reflect.DirectMethodHandleAccessor.invoke(DirectMethodHandleAccessor.java:103)
at java.base/java.lang.reflect.Method.invoke(Method.java:580)
at org.testng.internal.MethodInvocationHelper.invokeMethod(MethodInvocationHelper.java:133)
at org.testng.internal.TestInvoker.invokeMethod(TestInvoker.java:598)
at org.testng.internal.TestInvoker.retryFailed(TestInvoker.java:213)
at org.testng.internal.MethodRunner.runInSequence(MethodRunner.java:58)
at org.testng.internal.TestInvoker$MethodInvocationAgent.invoke(TestInvoker.java:824)
at org.testng.internal.TestInvoker.invokeTestMethods(TestInvoker.java:146)
at org.testng.internal.TestMethodWorker.invokeTestMethods(TestMethodWorker.java:146)
at org.testng.internal.TestMethodWorker.run(TestMethodWorker.java:128)
at java.base/java.util.ArrayList.forEach(ArrayList.java:1597)
at org.testng.TestRunner.privateRun(TestRunner.java:794)
at org.testng.TestRunner.run(TestRunner.java:596)
at org.testng.SuiteRunner.runTest(SuiteRunner.java:377)
at org.testng.SuiteRunner.runSequentially(SuiteRunner.java:371)
at org.testng.SuiteRunner.privateRun(SuiteRunner.java:332)
at org.testng.SuiteRunner.run(SuiteRunner.java:276)
at org.testng.SuiteRunnerWorker.runSuite(SuiteRunnerWorker.java:53)
at org.testng.SuiteRunnerWorker.run(SuiteRunnerWorker.java:96)
at org.testng.TestNG.runSuitesSequentially(TestNG.java:1212)
at org.testng.TestNG.runSuitesLocally(TestNG.java:1134)
at org.testng.TestNG.runSuites(TestNG.java:1063)
at org.testng.TestNG.run(TestNG.java:1031)
at org.testng.remote.AbstractRemoteTestNG.run(AbstractRemoteTestNG.java:115)
at org.testng.remote.RemoteTestNG.initAndRun(RemoteTestNG.java:293)
at org.testng.remote.RemoteTestNG.main(RemoteTestNG.java:91)
]]>
            </full-stacktrace>
          </exception> <!-- java.lang.AssertionError -->
          <reporter-output>
          </reporter-output>
        </test-method> <!-- verifyValidCredentialsforLogin -->
        <test-method is-config="true" signature="afterMethod(org.testng.ITestResult)[pri:0, instance:testScripts.LoginPageTest@489115ef]" started-at="2025-01-09T08:59:26 IST" name="afterMethod" finished-at="2025-01-09T08:59:28 IST" duration-ms="1534" status="PASS">
          <params>
            <param index="0">
              <value>
                <![CDATA[[TestResult name=verifyValidCredentialsforLogin status=FAILURE method=LoginPageTest.verifyValidCredentialsforLogin(java.lang.String,java.lang.String)[pri:0, instance:testScripts.LoginPageTest@489115ef] output={null}]]]>
              </value>
            </param>
          </params>
          <reporter-output>
          </reporter-output>
        </test-method> <!-- afterMethod -->
      </class> <!-- testScripts.LoginPageTest -->
      <class name="testScripts.CategoryTest">
        <test-method is-config="true" signature="beforeMethod(java.lang.String)[pri:0, instance:testScripts.CategoryTest@6ed3ccb2]" started-at="2025-01-09T08:58:14 IST" name="beforeMethod" finished-at="2025-01-09T08:58:16 IST" duration-ms="2433" status="PASS">
          <params>
            <param index="0">
              <value>
                <![CDATA[Edge]]>
              </value>
            </param>
          </params>
          <reporter-output>
          </reporter-output>
        </test-method> <!-- beforeMethod -->
        <test-method signature="verifyCreateNewCategory(java.lang.String,java.lang.String)[pri:1, instance:testScripts.CategoryTest@6ed3ccb2]" started-at="2025-01-09T08:58:16 IST" name="verifyCreateNewCategory" finished-at="2025-01-09T08:58:21 IST" duration-ms="5055" status="PASS">
          <params>
            <param index="0">
              <value>
                <![CDATA[admin]]>
              </value>
            </param>
            <param index="1">
              <value>
                <![CDATA[admin]]>
              </value>
            </param>
          </params>
          <reporter-output>
          </reporter-output>
        </test-method> <!-- verifyCreateNewCategory -->
        <test-method is-config="true" signature="afterMethod(org.testng.ITestResult)[pri:0, instance:testScripts.CategoryTest@6ed3ccb2]" started-at="2025-01-09T08:58:21 IST" name="afterMethod" finished-at="2025-01-09T08:58:23 IST" duration-ms="1377" status="PASS">
          <params>
            <param index="0">
              <value>
                <![CDATA[[TestResult name=verifyCreateNewCategory status=SUCCESS method=CategoryTest.verifyCreateNewCategory(java.lang.String,java.lang.String)[pri:1, instance:testScripts.CategoryTest@6ed3ccb2] output={null}]]]>
              </value>
            </param>
          </params>
          <reporter-output>
          </reporter-output>
        </test-method> <!-- afterMethod -->
        <test-method is-config="true" signature="beforeMethod(java.lang.String)[pri:0, instance:testScripts.CategoryTest@6ed3ccb2]" started-at="2025-01-09T08:58:23 IST" name="beforeMethod" finished-at="2025-01-09T08:58:25 IST" duration-ms="2259" status="PASS">
          <params>
            <param index="0">
              <value>
                <![CDATA[Edge]]>
              </value>
            </param>
          </params>
          <reporter-output>
          </reporter-output>
        </test-method> <!-- beforeMethod -->
        <test-method signature="verifyCategorySearch(java.lang.String,java.lang.String)[pri:2, instance:testScripts.CategoryTest@6ed3ccb2]" started-at="2025-01-09T08:58:25 IST" name="verifyCategorySearch" finished-at="2025-01-09T08:58:27 IST" duration-ms="2000" status="PASS">
          <params>
            <param index="0">
              <value>
                <![CDATA[admin]]>
              </value>
            </param>
            <param index="1">
              <value>
                <![CDATA[admin]]>
              </value>
            </param>
          </params>
          <reporter-output>
          </reporter-output>
        </test-method> <!-- verifyCategorySearch -->
        <test-method is-config="true" signature="afterMethod(org.testng.ITestResult)[pri:0, instance:testScripts.CategoryTest@6ed3ccb2]" started-at="2025-01-09T08:58:27 IST" name="afterMethod" finished-at="2025-01-09T08:58:28 IST" duration-ms="1382" status="PASS">
          <params>
            <param index="0">
              <value>
                <![CDATA[[TestResult name=verifyCategorySearch status=SUCCESS method=CategoryTest.verifyCategorySearch(java.lang.String,java.lang.String)[pri:2, instance:testScripts.CategoryTest@6ed3ccb2] output={null}]]]>
              </value>
            </param>
          </params>
          <reporter-output>
          </reporter-output>
        </test-method> <!-- afterMethod -->
        <test-method is-config="true" signature="beforeMethod(java.lang.String)[pri:0, instance:testScripts.CategoryTest@6ed3ccb2]" started-at="2025-01-09T08:58:28 IST" name="beforeMethod" finished-at="2025-01-09T08:58:30 IST" duration-ms="2294" status="PASS">
          <params>
            <param index="0">
              <value>
                <![CDATA[Edge]]>
              </value>
            </param>
          </params>
          <reporter-output>
          </reporter-output>
        </test-method> <!-- beforeMethod -->
        <test-method signature="verifyDeleteCategoryfromSearchResult(java.lang.String,java.lang.String)[pri:3, instance:testScripts.CategoryTest@6ed3ccb2]" started-at="2025-01-09T08:58:30 IST" name="verifyDeleteCategoryfromSearchResult" finished-at="2025-01-09T08:58:33 IST" duration-ms="2613" status="PASS">
          <params>
            <param index="0">
              <value>
                <![CDATA[admin]]>
              </value>
            </param>
            <param index="1">
              <value>
                <![CDATA[admin]]>
              </value>
            </param>
          </params>
          <reporter-output>
          </reporter-output>
        </test-method> <!-- verifyDeleteCategoryfromSearchResult -->
        <test-method is-config="true" signature="afterMethod(org.testng.ITestResult)[pri:0, instance:testScripts.CategoryTest@6ed3ccb2]" started-at="2025-01-09T08:58:33 IST" name="afterMethod" finished-at="2025-01-09T08:58:34 IST" duration-ms="1389" status="PASS">
          <params>
            <param index="0">
              <value>
                <![CDATA[[TestResult name=verifyDeleteCategoryfromSearchResult status=SUCCESS method=CategoryTest.verifyDeleteCategoryfromSearchResult(java.lang.String,java.lang.String)[pri:3, instance:testScripts.CategoryTest@6ed3ccb2] output={null}]]]>
              </value>
            </param>
          </params>
          <reporter-output>
          </reporter-output>
        </test-method> <!-- afterMethod -->
      </class> <!-- testScripts.CategoryTest -->
      <class name="testScripts.AdminUsersPageTest">
        <test-method is-config="true" signature="beforeMethod(java.lang.String)[pri:0, instance:testScripts.AdminUsersPageTest@74e52ef6]" started-at="2025-01-09T08:57:55 IST" name="beforeMethod" finished-at="2025-01-09T08:57:58 IST" duration-ms="2359" status="PASS">
          <params>
            <param index="0">
              <value>
                <![CDATA[Edge]]>
              </value>
            </param>
          </params>
          <reporter-output>
          </reporter-output>
        </test-method> <!-- beforeMethod -->
        <test-method signature="verifyAddNewAdminUser(java.lang.String,java.lang.String)[pri:0, instance:testScripts.AdminUsersPageTest@74e52ef6]" started-at="2025-01-09T08:57:58 IST" name="verifyAddNewAdminUser" finished-at="2025-01-09T08:58:01 IST" duration-ms="2963" status="PASS">
          <params>
            <param index="0">
              <value>
                <![CDATA[admin]]>
              </value>
            </param>
            <param index="1">
              <value>
                <![CDATA[admin]]>
              </value>
            </param>
          </params>
          <reporter-output>
          </reporter-output>
        </test-method> <!-- verifyAddNewAdminUser -->
        <test-method is-config="true" signature="afterMethod(org.testng.ITestResult)[pri:0, instance:testScripts.AdminUsersPageTest@74e52ef6]" started-at="2025-01-09T08:58:01 IST" name="afterMethod" finished-at="2025-01-09T08:58:02 IST" duration-ms="1424" status="PASS">
          <params>
            <param index="0">
              <value>
                <![CDATA[[TestResult name=verifyAddNewAdminUser status=SUCCESS method=AdminUsersPageTest.verifyAddNewAdminUser(java.lang.String,java.lang.String)[pri:0, instance:testScripts.AdminUsersPageTest@74e52ef6] output={null}]]]>
              </value>
            </param>
          </params>
          <reporter-output>
          </reporter-output>
        </test-method> <!-- afterMethod -->
        <test-method is-config="true" signature="beforeMethod(java.lang.String)[pri:0, instance:testScripts.AdminUsersPageTest@74e52ef6]" started-at="2025-01-09T08:58:02 IST" name="beforeMethod" finished-at="2025-01-09T08:58:04 IST" duration-ms="2178" status="PASS">
          <params>
            <param index="0">
              <value>
                <![CDATA[Edge]]>
              </value>
            </param>
          </params>
          <reporter-output>
          </reporter-output>
        </test-method> <!-- beforeMethod -->
        <test-method signature="verifyAdminUserSearch(java.lang.String,java.lang.String)[pri:0, instance:testScripts.AdminUsersPageTest@74e52ef6]" started-at="2025-01-09T08:58:04 IST" name="verifyAdminUserSearch" finished-at="2025-01-09T08:58:07 IST" duration-ms="2340" status="PASS">
          <params>
            <param index="0">
              <value>
                <![CDATA[admin]]>
              </value>
            </param>
            <param index="1">
              <value>
                <![CDATA[admin]]>
              </value>
            </param>
          </params>
          <reporter-output>
          </reporter-output>
        </test-method> <!-- verifyAdminUserSearch -->
        <test-method is-config="true" signature="afterMethod(org.testng.ITestResult)[pri:0, instance:testScripts.AdminUsersPageTest@74e52ef6]" started-at="2025-01-09T08:58:07 IST" name="afterMethod" finished-at="2025-01-09T08:58:08 IST" duration-ms="1401" status="PASS">
          <params>
            <param index="0">
              <value>
                <![CDATA[[TestResult name=verifyAdminUserSearch status=SUCCESS method=AdminUsersPageTest.verifyAdminUserSearch(java.lang.String,java.lang.String)[pri:0, instance:testScripts.AdminUsersPageTest@74e52ef6] output={null}]]]>
              </value>
            </param>
          </params>
          <reporter-output>
          </reporter-output>
        </test-method> <!-- afterMethod -->
        <test-method is-config="true" signature="beforeMethod(java.lang.String)[pri:0, instance:testScripts.AdminUsersPageTest@74e52ef6]" started-at="2025-01-09T08:58:08 IST" name="beforeMethod" finished-at="2025-01-09T08:58:10 IST" duration-ms="2311" status="PASS">
          <params>
            <param index="0">
              <value>
                <![CDATA[Edge]]>
              </value>
            </param>
          </params>
          <reporter-output>
          </reporter-output>
        </test-method> <!-- beforeMethod -->
        <test-method signature="verifyToDeleteAdminUser(java.lang.String,java.lang.String)[pri:0, instance:testScripts.AdminUsersPageTest@74e52ef6]" started-at="2025-01-09T08:58:10 IST" name="verifyToDeleteAdminUser" finished-at="2025-01-09T08:58:12 IST" duration-ms="1883" status="PASS">
          <params>
            <param index="0">
              <value>
                <![CDATA[admin]]>
              </value>
            </param>
            <param index="1">
              <value>
                <![CDATA[admin]]>
              </value>
            </param>
          </params>
          <reporter-output>
          </reporter-output>
        </test-method> <!-- verifyToDeleteAdminUser -->
        <test-method is-config="true" signature="afterMethod(org.testng.ITestResult)[pri:0, instance:testScripts.AdminUsersPageTest@74e52ef6]" started-at="2025-01-09T08:58:12 IST" name="afterMethod" finished-at="2025-01-09T08:58:14 IST" duration-ms="1384" status="PASS">
          <params>
            <param index="0">
              <value>
                <![CDATA[[TestResult name=verifyToDeleteAdminUser status=SUCCESS method=AdminUsersPageTest.verifyToDeleteAdminUser(java.lang.String,java.lang.String)[pri:0, instance:testScripts.AdminUsersPageTest@74e52ef6] output={null}]]]>
              </value>
            </param>
          </params>
          <reporter-output>
          </reporter-output>
        </test-method> <!-- afterMethod -->
      </class> <!-- testScripts.AdminUsersPageTest -->
      <class name="testScripts.ManageNewsTest">
        <test-method is-config="true" signature="beforeMethod(java.lang.String)[pri:0, instance:testScripts.ManageNewsTest@15de0b3c]" started-at="2025-01-09T08:58:40 IST" name="beforeMethod" finished-at="2025-01-09T08:58:42 IST" duration-ms="2320" status="PASS">
          <params>
            <param index="0">
              <value>
                <![CDATA[Edge]]>
              </value>
            </param>
          </params>
          <reporter-output>
          </reporter-output>
        </test-method> <!-- beforeMethod -->
        <test-method signature="enterNewsInfo(java.lang.String,java.lang.String)[pri:0, instance:testScripts.ManageNewsTest@15de0b3c]" started-at="2025-01-09T08:58:42 IST" name="enterNewsInfo" finished-at="2025-01-09T08:58:45 IST" duration-ms="2356" status="PASS">
          <params>
            <param index="0">
              <value>
                <![CDATA[admin]]>
              </value>
            </param>
            <param index="1">
              <value>
                <![CDATA[admin]]>
              </value>
            </param>
          </params>
          <reporter-output>
          </reporter-output>
        </test-method> <!-- enterNewsInfo -->
        <test-method is-config="true" signature="afterMethod(org.testng.ITestResult)[pri:0, instance:testScripts.ManageNewsTest@15de0b3c]" started-at="2025-01-09T08:58:45 IST" name="afterMethod" finished-at="2025-01-09T08:58:46 IST" duration-ms="1334" status="PASS">
          <params>
            <param index="0">
              <value>
                <![CDATA[[TestResult name=enterNewsInfo status=SUCCESS method=ManageNewsTest.enterNewsInfo(java.lang.String,java.lang.String)[pri:0, instance:testScripts.ManageNewsTest@15de0b3c] output={null}]]]>
              </value>
            </param>
          </params>
          <reporter-output>
          </reporter-output>
        </test-method> <!-- afterMethod -->
      </class> <!-- testScripts.ManageNewsTest -->
    </test> <!-- EdgeTest -->
  </suite> <!-- Suite -->
</testng-results>
