<?xml version="1.0" encoding="UTF-8"?>
<!-- Generated by org.testng.reporters.JUnitXMLReporter -->
<testsuite ignored="0" hostname="SandraArun" failures="2" tests="17" name="ChromeTest" time="70.718" errors="0" timestamp="2025-01-09T08:57:55 IST">
  <testcase classname="testScripts.AdminUsersPageTest" name="verifyAddNewAdminUser" time="3.717"/>
  <testcase classname="testScripts.AdminUsersPageTest" name="verifyAdminUserSearch" time="2.388"/>
  <testcase classname="testScripts.AdminUsersPageTest" name="verifyToDeleteAdminUser" time="1.805"/>
  <testcase classname="testScripts.CategoryTest" name="verifyCreateNewCategory" time="5.226"/>
  <testcase classname="testScripts.CategoryTest" name="verifyCategorySearch" time="2.064"/>
  <testcase classname="testScripts.CategoryTest" name="verifyDeleteCategoryfromSearchResult" time="2.371"/>
  <testcase classname="testScripts.HomePageTest" name="verifyUserisAbleToLogout" time="1.34"/>
  <testcase classname="testScripts.ManageNewsTest" name="enterNewsInfo" time="2.232"/>
  <testcase classname="testScripts.LoginPageTest" name="verifyInvalidPasswordforLogin" time="0.914"/>
  <testcase classname="testScripts.LoginPageTest" name="verifyInvalidUserNameforLogin" time="0.935"/>
  <testcase classname="testScripts.LoginPageTest" name="verifyValidCredentialsforLogin" time="0.71"/>
  <testcase classname="testScripts.LoginPageTest" name="verifyValidCredentialsforLogin" time="0.665">
    <skipped/>
  </testcase> <!-- verifyValidCredentialsforLogin -->
  <testcase classname="testScripts.LoginPageTest" name="verifyValidCredentialsforLogin" time="0.701">
    <skipped/>
  </testcase> <!-- verifyValidCredentialsforLogin -->
  <testcase classname="testScripts.LoginPageTest" name="verifyValidCredentialsforLogin" time="0.737">
    <failure type="java.lang.AssertionError" message="Dashboard is not displayed expected [Dashboard | 7rmart supermarket] but found [Login | 7rmart supermarket]">
      <![CDATA[java.lang.AssertionError: Dashboard is not displayed expected [Dashboard | 7rmart supermarket] but found [Login | 7rmart supermarket]
at testScripts.LoginPageTest.verifyValidCredentialsforLogin(LoginPageTest.java:35)
at java.base/java.util.ArrayList.forEach(ArrayList.java:1597)
... Removed 30 stack frames]]>
    </failure>
  </testcase> <!-- verifyValidCredentialsforLogin -->
  <testcase classname="testScripts.LoginPageTest" name="verifyValidCredentialsforLogin" time="0.613">
    <skipped/>
  </testcase> <!-- verifyValidCredentialsforLogin -->
  <testcase classname="testScripts.LoginPageTest" name="verifyValidCredentialsforLogin" time="0.676">
    <skipped/>
  </testcase> <!-- verifyValidCredentialsforLogin -->
  <testcase classname="testScripts.LoginPageTest" name="verifyValidCredentialsforLogin" time="0.663">
    <failure type="java.lang.AssertionError" message="Dashboard is not displayed expected [Dashboard | 7rmart supermarket] but found [Login | 7rmart supermarket]">
      <![CDATA[java.lang.AssertionError: Dashboard is not displayed expected [Dashboard | 7rmart supermarket] but found [Login | 7rmart supermarket]
at testScripts.LoginPageTest.verifyValidCredentialsforLogin(LoginPageTest.java:35)
at java.base/java.util.ArrayList.forEach(ArrayList.java:1597)
... Removed 30 stack frames]]>
    </failure>
  </testcase> <!-- verifyValidCredentialsforLogin -->
</testsuite> <!-- ChromeTest -->
