<?xml version="1.0" encoding="UTF-8"?>
<!-- Generated by org.testng.reporters.JUnitXMLReporter -->
<testsuite ignored="0" hostname="SandraArun" failures="2" tests="17" name="EdgeTest" time="92.551" errors="0" timestamp="2025-01-09T08:59:28 IST">
  <testcase classname="testScripts.AdminUsersPageTest" name="verifyAddNewAdminUser" time="2.963"/>
  <testcase classname="testScripts.AdminUsersPageTest" name="verifyAdminUserSearch" time="2.34"/>
  <testcase classname="testScripts.AdminUsersPageTest" name="verifyToDeleteAdminUser" time="1.883"/>
  <testcase classname="testScripts.CategoryTest" name="verifyCreateNewCategory" time="5.055"/>
  <testcase classname="testScripts.CategoryTest" name="verifyCategorySearch" time="2.0"/>
  <testcase classname="testScripts.CategoryTest" name="verifyDeleteCategoryfromSearchResult" time="2.613"/>
  <testcase classname="testScripts.HomePageTest" name="verifyUserisAbleToLogout" time="1.315"/>
  <testcase classname="testScripts.ManageNewsTest" name="enterNewsInfo" time="2.356"/>
  <testcase classname="testScripts.LoginPageTest" name="verifyInvalidPasswordforLogin" time="0.869"/>
  <testcase classname="testScripts.LoginPageTest" name="verifyInvalidUserNameforLogin" time="0.976"/>
  <testcase classname="testScripts.LoginPageTest" name="verifyValidCredentialsforLogin" time="0.906"/>
  <testcase classname="testScripts.LoginPageTest" name="verifyValidCredentialsforLogin" time="0.953">
    <skipped/>
  </testcase> <!-- verifyValidCredentialsforLogin -->
  <testcase classname="testScripts.LoginPageTest" name="verifyValidCredentialsforLogin" time="0.594">
    <skipped/>
  </testcase> <!-- verifyValidCredentialsforLogin -->
  <testcase classname="testScripts.LoginPageTest" name="verifyValidCredentialsforLogin" time="0.699">
    <failure type="java.lang.AssertionError" message="Dashboard is not displayed expected [Dashboard | 7rmart supermarket] but found [Login | 7rmart supermarket]">
      <![CDATA[java.lang.AssertionError: Dashboard is not displayed expected [Dashboard | 7rmart supermarket] but found [Login | 7rmart supermarket]
at testScripts.LoginPageTest.verifyValidCredentialsforLogin(LoginPageTest.java:35)
at java.base/java.util.ArrayList.forEach(ArrayList.java:1597)
... Removed 30 stack frames]]>
    </failure>
  </testcase> <!-- verifyValidCredentialsforLogin -->
  <testcase classname="testScripts.LoginPageTest" name="verifyValidCredentialsforLogin" time="0.629">
    <skipped/>
  </testcase> <!-- verifyValidCredentialsforLogin -->
  <testcase classname="testScripts.LoginPageTest" name="verifyValidCredentialsforLogin" time="0.634">
    <skipped/>
  </testcase> <!-- verifyValidCredentialsforLogin -->
  <testcase classname="testScripts.LoginPageTest" name="verifyValidCredentialsforLogin" time="0.701">
    <failure type="java.lang.AssertionError" message="Dashboard is not displayed expected [Dashboard | 7rmart supermarket] but found [Login | 7rmart supermarket]">
      <![CDATA[java.lang.AssertionError: Dashboard is not displayed expected [Dashboard | 7rmart supermarket] but found [Login | 7rmart supermarket]
at testScripts.LoginPageTest.verifyValidCredentialsforLogin(LoginPageTest.java:35)
at java.base/java.util.ArrayList.forEach(ArrayList.java:1597)
... Removed 30 stack frames]]>
    </failure>
  </testcase> <!-- verifyValidCredentialsforLogin -->
</testsuite> <!-- EdgeTest -->
