<?xml version="1.0" encoding="UTF-8"?>
<!-- Generated by org.testng.reporters.JUnitXMLReporter -->
<testsuite ignored="0" hostname="SandraArun" failures="1" tests="3" name="Test" time="18.472" errors="0" timestamp="2025-01-06T11:14:29 IST">
  <testcase classname="testScripts.AdminUsersPageTest" name="adminUserSearch" time="2.695">
    <failure type="org.openqa.selenium.NoSuchElementException" message="Cannot locate option with text: pass123
For documentation on this error, please visit: https://www.selenium.dev/documentation/webdriver/troubleshooting/errors#no-such-element-exception
Build info: version: &amp;apos;4.26.0&amp;apos;, revision: &amp;apos;8ccf0219d7&amp;apos;
System info: os.name: &amp;apos;Windows 11&amp;apos;, os.arch: &amp;apos;amd64&amp;apos;, os.version: &amp;apos;10.0&amp;apos;, java.version: &amp;apos;23&amp;apos;
Driver info: driver.version: unknown">
      <![CDATA[org.openqa.selenium.NoSuchElementException: Cannot locate option with text: pass123
For documentation on this error, please visit: https://www.selenium.dev/documentation/webdriver/troubleshooting/errors#no-such-element-exception
Build info: version: '4.26.0', revision: '8ccf0219d7'
System info: os.name: 'Windows 11', os.arch: 'amd64', os.version: '10.0', java.version: '23'
Driver info: driver.version: unknown
at org.openqa.selenium.support.ui.Select.selectByVisibleText(Select.java:153)
at utility.PageUtility.selectByVisibleText(PageUtility.java:14)
at pages.AdminUsersPage.inputAdminSearchUserName_UserType(AdminUsersPage.java:97)
at testScripts.AdminUsersPageTest.adminUserSearch(AdminUsersPageTest.java:56)
at java.base/java.util.ArrayList.forEach(ArrayList.java:1597)
... Removed 25 stack frames]]>
    </failure>
  </testcase> <!-- adminUserSearch -->
  <testcase classname="testScripts.AdminUsersPageTest" name="deleteAdminUser" time="2.246"/>
  <testcase classname="testScripts.AdminUsersPageTest" name="newAdminUserCreation" time="4.101"/>
</testsuite> <!-- Test -->
